Base path: C:/Program Files/Unity 5.5.0/Editor/Data
Cmd: getPlatforms
Cmd: compileSnippet
  api=8 type=1 insize=13171 outsize=1386 kw=_SUNDISK_SIMPLE pd=UNITY_NO_SCREENSPACE_SHADOWS UNITY_ENABLE_REFLECTION_BUFFERS UNITY_PBS_USE_BRDF1 UNITY_SPECCUBE_BOX_PROJECTION UNITY_SPECCUBE_BLENDING SHADER_API_MOBILE SHADER_API_DESKTOP UNITY_COLORSPACE_GAMMA ok=1
Cmd: compileSnippet
  api=1 type=0 insize=1023 outsize=1432 kw=DIRECTIONAL SHADOWS_SCREEN FOG_EXP2 pd=UNITY_ENABLE_REFLECTION_BUFFERS UNITY_PBS_USE_BRDF1 UNITY_SPECCUBE_BOX_PROJECTION UNITY_SPECCUBE_BLENDING SHADER_API_DESKTOP UNITY_COLORSPACE_GAMMA ok=1
Cmd: compileSnippet
  api=1 type=0 insize=1023 outsize=2152 kw=DIRECTIONAL SHADOWS_SCREEN FOG_EXP2 VERTEXLIGHT_ON pd=UNITY_ENABLE_REFLECTION_BUFFERS UNITY_PBS_USE_BRDF1 UNITY_SPECCUBE_BOX_PROJECTION UNITY_SPECCUBE_BLENDING SHADER_API_DESKTOP UNITY_COLORSPACE_GAMMA ok=1
Cmd: compileSnippet
  api=1 type=0 insize=1023 outsize=2152 kw=DIRECTIONAL SHADOWS_SCREEN FOG_EXP2 _EMISSION VERTEXLIGHT_ON pd=UNITY_ENABLE_REFLECTION_BUFFERS UNITY_PBS_USE_BRDF1 UNITY_SPECCUBE_BOX_PROJECTION UNITY_SPECCUBE_BLENDING SHADER_API_DESKTOP UNITY_COLORSPACE_GAMMA ok=1
Cmd: compileSnippet
  api=1 type=1 insize=1023 outsize=3980 kw=DIRECTIONAL FOG_EXP2 _EMISSION pd=UNITY_ENABLE_REFLECTION_BUFFERS UNITY_PBS_USE_BRDF1 UNITY_SPECCUBE_BOX_PROJECTION UNITY_SPECCUBE_BLENDING SHADER_API_DESKTOP UNITY_COLORSPACE_GAMMA ok=1
Cmd: compileSnippet
  api=1 type=0 insize=949 outsize=1168 kw=POINT_COOKIE pd=UNITY_ENABLE_REFLECTION_BUFFERS UNITY_PBS_USE_BRDF1 UNITY_SPECCUBE_BOX_PROJECTION UNITY_SPECCUBE_BLENDING SHADER_API_DESKTOP UNITY_COLORSPACE_GAMMA ok=1
Cmd: compileSnippet
  api=1 type=0 insize=949 outsize=1316 kw=SPOT SHADOWS_DEPTH pd=UNITY_ENABLE_REFLECTION_BUFFERS UNITY_PBS_USE_BRDF1 UNITY_SPECCUBE_BOX_PROJECTION UNITY_SPECCUBE_BLENDING SHADER_API_DESKTOP UNITY_COLORSPACE_GAMMA ok=1
Cmd: compileSnippet
  api=4 type=0 insize=949 outsize=1790 kw=POINT SHADOWS_CUBE pd=UNITY_ENABLE_REFLECTION_BUFFERS UNITY_PBS_USE_BRDF1 UNITY_SPECCUBE_BOX_PROJECTION UNITY_SPECCUBE_BLENDING SHADER_API_DESKTOP UNITY_COLORSPACE_GAMMA ok=1
Cmd: compileSnippet
  api=4 type=0 insize=949 outsize=1794 kw=POINT FOG_EXP2 pd=UNITY_ENABLE_REFLECTION_BUFFERS UNITY_PBS_USE_BRDF1 UNITY_SPECCUBE_BOX_PROJECTION UNITY_SPECCUBE_BLENDING SHADER_API_DESKTOP UNITY_COLORSPACE_GAMMA ok=1
Cmd: compileSnippet
  api=1 type=0 insize=949 outsize=1352 kw=SPOT SHADOWS_DEPTH FOG_EXP2 pd=UNITY_ENABLE_REFLECTION_BUFFERS UNITY_PBS_USE_BRDF1 UNITY_SPECCUBE_BOX_PROJECTION UNITY_SPECCUBE_BLENDING SHADER_API_DESKTOP UNITY_COLORSPACE_GAMMA ok=1
Cmd: compileSnippet
  api=1 type=0 insize=949 outsize=1272 kw=POINT_COOKIE SHADOWS_CUBE FOG_EXP2 pd=UNITY_ENABLE_REFLECTION_BUFFERS UNITY_PBS_USE_BRDF1 UNITY_SPECCUBE_BOX_PROJECTION UNITY_SPECCUBE_BLENDING SHADER_API_DESKTOP UNITY_COLORSPACE_GAMMA ok=1
Cmd: compileSnippet
  api=4 type=0 insize=949 outsize=1866 kw=POINT_COOKIE SHADOWS_CUBE SHADOWS_SOFT FOG_EXP2 pd=UNITY_ENABLE_REFLECTION_BUFFERS UNITY_PBS_USE_BRDF1 UNITY_SPECCUBE_BOX_PROJECTION UNITY_SPECCUBE_BLENDING SHADER_API_DESKTOP UNITY_COLORSPACE_GAMMA ok=1
Cmd: compileSnippet
  api=4 type=1 insize=949 outsize=2998 kw=POINT_COOKIE pd=UNITY_ENABLE_REFLECTION_BUFFERS UNITY_PBS_USE_BRDF1 UNITY_SPECCUBE_BOX_PROJECTION UNITY_SPECCUBE_BLENDING SHADER_API_DESKTOP UNITY_COLORSPACE_GAMMA ok=1
Cmd: compileSnippet
  api=1 type=1 insize=949 outsize=2160 kw=SPOT SHADOWS_DEPTH pd=UNITY_ENABLE_REFLECTION_BUFFERS UNITY_PBS_USE_BRDF1 UNITY_SPECCUBE_BOX_PROJECTION UNITY_SPECCUBE_BLENDING SHADER_API_DESKTOP UNITY_COLORSPACE_GAMMA ok=1
Cmd: compileSnippet
  api=1 type=1 insize=949 outsize=2264 kw=POINT_COOKIE SHADOWS_CUBE pd=UNITY_ENABLE_REFLECTION_BUFFERS UNITY_PBS_USE_BRDF1 UNITY_SPECCUBE_BOX_PROJECTION UNITY_SPECCUBE_BLENDING SHADER_API_DESKTOP UNITY_COLORSPACE_GAMMA ok=1
Cmd: compileSnippet
  api=1 type=1 insize=949 outsize=1956 kw=POINT FOG_EXP2 pd=UNITY_ENABLE_REFLECTION_BUFFERS UNITY_PBS_USE_BRDF1 UNITY_SPECCUBE_BOX_PROJECTION UNITY_SPECCUBE_BLENDING SHADER_API_DESKTOP UNITY_COLORSPACE_GAMMA ok=1
Cmd: compileSnippet
  api=1 type=1 insize=949 outsize=1928 kw=DIRECTIONAL_COOKIE FOG_EXP2 pd=UNITY_ENABLE_REFLECTION_BUFFERS UNITY_PBS_USE_BRDF1 UNITY_SPECCUBE_BOX_PROJECTION UNITY_SPECCUBE_BLENDING SHADER_API_DESKTOP UNITY_COLORSPACE_GAMMA ok=1
Cmd: compileSnippet
  api=4 type=1 insize=949 outsize=3134 kw=DIRECTIONAL SHADOWS_SCREEN FOG_EXP2 pd=UNITY_ENABLE_REFLECTION_BUFFERS UNITY_PBS_USE_BRDF1 UNITY_SPECCUBE_BOX_PROJECTION UNITY_SPECCUBE_BLENDING SHADER_API_DESKTOP UNITY_COLORSPACE_GAMMA ok=1
Cmd: compileSnippet
  api=1 type=1 insize=949 outsize=2464 kw=POINT SHADOWS_CUBE SHADOWS_SOFT FOG_EXP2 pd=UNITY_ENABLE_REFLECTION_BUFFERS UNITY_PBS_USE_BRDF1 UNITY_SPECCUBE_BOX_PROJECTION UNITY_SPECCUBE_BLENDING SHADER_API_DESKTOP UNITY_COLORSPACE_GAMMA ok=1
Cmd: compileSnippet
  api=1 type=1 insize=728 outsize=128 kw=SHADOWS_DEPTH pd=UNITY_ENABLE_REFLECTION_BUFFERS UNITY_PBS_USE_BRDF1 UNITY_SPECCUBE_BOX_PROJECTION UNITY_SPECCUBE_BLENDING SHADER_API_DESKTOP UNITY_COLORSPACE_GAMMA ok=1
Cmd: compileSnippet
  api=4 type=0 insize=1152 outsize=2054 kw=DIRLIGHTMAP_COMBINED pd=UNITY_ENABLE_REFLECTION_BUFFERS UNITY_PBS_USE_BRDF1 UNITY_SPECCUBE_BOX_PROJECTION UNITY_SPECCUBE_BLENDING SHADER_API_DESKTOP UNITY_COLORSPACE_GAMMA ok=1
Cmd: compileSnippet
  api=4 type=0 insize=1152 outsize=1698 kw=UNITY_HDR_ON pd=UNITY_ENABLE_REFLECTION_BUFFERS UNITY_PBS_USE_BRDF1 UNITY_SPECCUBE_BOX_PROJECTION UNITY_SPECCUBE_BLENDING SHADER_API_DESKTOP UNITY_COLORSPACE_GAMMA ok=1
Cmd: compileSnippet
  api=4 type=0 insize=1152 outsize=2054 kw=DIRLIGHTMAP_SEPARATE UNITY_HDR_ON pd=UNITY_ENABLE_REFLECTION_BUFFERS UNITY_PBS_USE_BRDF1 UNITY_SPECCUBE_BOX_PROJECTION UNITY_SPECCUBE_BLENDING SHADER_API_DESKTOP UNITY_COLORSPACE_GAMMA ok=1
Cmd: compileSnippet
  api=1 type=1 insize=1152 outsize=1232 kw=DIRLIGHTMAP_COMBINED _EMISSION pd=UNITY_ENABLE_REFLECTION_BUFFERS UNITY_PBS_USE_BRDF1 UNITY_SPECCUBE_BOX_PROJECTION UNITY_SPECCUBE_BLENDING SHADER_API_DESKTOP UNITY_COLORSPACE_GAMMA ok=1
Cmd: compileSnippet
  api=1 type=1 insize=1152 outsize=1232 kw=DIRLIGHTMAP_SEPARATE _EMISSION pd=UNITY_ENABLE_REFLECTION_BUFFERS UNITY_PBS_USE_BRDF1 UNITY_SPECCUBE_BOX_PROJECTION UNITY_SPECCUBE_BLENDING SHADER_API_DESKTOP UNITY_COLORSPACE_GAMMA ok=1
Cmd: compileSnippet
  api=1 type=1 insize=1152 outsize=1196 kw=DIRLIGHTMAP_COMBINED _EMISSION UNITY_HDR_ON pd=UNITY_ENABLE_REFLECTION_BUFFERS UNITY_PBS_USE_BRDF1 UNITY_SPECCUBE_BOX_PROJECTION UNITY_SPECCUBE_BLENDING SHADER_API_DESKTOP UNITY_COLORSPACE_GAMMA ok=1
Cmd: compileSnippet
  api=1 type=1 insize=632 outsize=868 kw= pd=UNITY_ENABLE_REFLECTION_BUFFERS UNITY_PBS_USE_BRDF1 UNITY_SPECCUBE_BOX_PROJECTION UNITY_SPECCUBE_BLENDING SHADER_API_DESKTOP UNITY_COLORSPACE_GAMMA ok=1
Cmd: compileSnippet
  api=4 type=0 insize=1098 outsize=2258 kw=DIRECTIONAL SHADOWS_SCREEN pd=UNITY_ENABLE_REFLECTION_BUFFERS UNITY_PBS_USE_BRDF1 UNITY_SPECCUBE_BOX_PROJECTION UNITY_SPECCUBE_BLENDING SHADER_API_DESKTOP UNITY_COLORSPACE_GAMMA ok=1
Cmd: compileSnippet
  api=1 type=0 insize=1098 outsize=1628 kw=DIRECTIONAL FOG_EXP2 pd=UNITY_ENABLE_REFLECTION_BUFFERS UNITY_PBS_USE_BRDF1 UNITY_SPECCUBE_BOX_PROJECTION UNITY_SPECCUBE_BLENDING SHADER_API_DESKTOP UNITY_COLORSPACE_GAMMA ok=1
Cmd: compileSnippet
  api=1 type=0 insize=1098 outsize=2268 kw=DIRECTIONAL FOG_EXP2 VERTEXLIGHT_ON pd=UNITY_ENABLE_REFLECTION_BUFFERS UNITY_PBS_USE_BRDF1 UNITY_SPECCUBE_BOX_PROJECTION UNITY_SPECCUBE_BLENDING SHADER_API_DESKTOP UNITY_COLORSPACE_GAMMA ok=1
Cmd: compileSnippet
  api=1 type=0 insize=1098 outsize=1664 kw=DIRECTIONAL SHADOWS_SCREEN _EMISSION pd=UNITY_ENABLE_REFLECTION_BUFFERS UNITY_PBS_USE_BRDF1 UNITY_SPECCUBE_BOX_PROJECTION UNITY_SPECCUBE_BLENDING SHADER_API_DESKTOP UNITY_COLORSPACE_GAMMA ok=1
Cmd: compileSnippet
  api=4 type=0 insize=1098 outsize=2994 kw=DIRECTIONAL SHADOWS_SCREEN _EMISSION VERTEXLIGHT_ON pd=UNITY_ENABLE_REFLECTION_BUFFERS UNITY_PBS_USE_BRDF1 UNITY_SPECCUBE_BOX_PROJECTION UNITY_SPECCUBE_BLENDING SHADER_API_DESKTOP UNITY_COLORSPACE_GAMMA ok=1
Cmd: compileSnippet
  api=8 type=0 insize=1098 outsize=4510 kw=DIRECTIONAL FOG_EXP2 _EMISSION VERTEXLIGHT_ON pd=UNITY_NO_SCREENSPACE_SHADOWS UNITY_ENABLE_REFLECTION_BUFFERS UNITY_PBS_USE_BRDF1 UNITY_SPECCUBE_BOX_PROJECTION UNITY_SPECCUBE_BLENDING SHADER_API_MOBILE SHADER_API_DESKTOP UNITY_COLORSPACE_GAMMA ok=1
Cmd: compileSnippet
  api=8 type=1 insize=1098 outsize=3294 kw=DIRECTIONAL FOG_EXP2 pd=UNITY_NO_SCREENSPACE_SHADOWS UNITY_ENABLE_REFLECTION_BUFFERS UNITY_PBS_USE_BRDF1 UNITY_SPECCUBE_BOX_PROJECTION UNITY_SPECCUBE_BLENDING SHADER_API_MOBILE SHADER_API_DESKTOP UNITY_COLORSPACE_GAMMA ok=1
Cmd: compileSnippet
  api=1 type=1 insize=1098 outsize=1672 kw=DIRECTIONAL FOG_EXP2 _EMISSION pd=UNITY_ENABLE_REFLECTION_BUFFERS UNITY_PBS_USE_BRDF1 UNITY_SPECCUBE_BOX_PROJECTION UNITY_SPECCUBE_BLENDING SHADER_API_DESKTOP UNITY_COLORSPACE_GAMMA ok=1
Cmd: compileSnippet
  api=8 type=0 insize=962 outsize=2754 kw=POINT pd=UNITY_NO_SCREENSPACE_SHADOWS UNITY_ENABLE_REFLECTION_BUFFERS UNITY_PBS_USE_BRDF1 UNITY_SPECCUBE_BOX_PROJECTION UNITY_SPECCUBE_BLENDING SHADER_API_MOBILE SHADER_API_DESKTOP UNITY_COLORSPACE_GAMMA ok=1
Cmd: compileSnippet
  api=1 type=0 insize=962 outsize=1280 kw=SPOT SHADOWS_DEPTH pd=UNITY_ENABLE_REFLECTION_BUFFERS UNITY_PBS_USE_BRDF1 UNITY_SPECCUBE_BOX_PROJECTION UNITY_SPECCUBE_BLENDING SHADER_API_DESKTOP UNITY_COLORSPACE_GAMMA ok=1
Cmd: compileSnippet
  api=4 type=0 insize=962 outsize=1630 kw=DIRECTIONAL SHADOWS_SCREEN pd=UNITY_ENABLE_REFLECTION_BUFFERS UNITY_PBS_USE_BRDF1 UNITY_SPECCUBE_BOX_PROJECTION UNITY_SPECCUBE_BLENDING SHADER_API_DESKTOP UNITY_COLORSPACE_GAMMA ok=1
Cmd: compileSnippet
  api=4 type=0 insize=962 outsize=2150 kw=POINT FOG_EXP2 pd=UNITY_ENABLE_REFLECTION_BUFFERS UNITY_PBS_USE_BRDF1 UNITY_SPECCUBE_BOX_PROJECTION UNITY_SPECCUBE_BLENDING SHADER_API_DESKTOP UNITY_COLORSPACE_GAMMA ok=1
Cmd: compileSnippet
  api=1 type=0 insize=962 outsize=1236 kw=POINT_COOKIE FOG_EXP2 pd=UNITY_ENABLE_REFLECTION_BUFFERS UNITY_PBS_USE_BRDF1 UNITY_SPECCUBE_BOX_PROJECTION UNITY_SPECCUBE_BLENDING SHADER_API_DESKTOP UNITY_COLORSPACE_GAMMA ok=1
Cmd: compileSnippet
  api=1 type=0 insize=962 outsize=1372 kw=SPOT SHADOWS_DEPTH FOG_EXP2 pd=UNITY_ENABLE_REFLECTION_BUFFERS UNITY_PBS_USE_BRDF1 UNITY_SPECCUBE_BOX_PROJECTION UNITY_SPECCUBE_BLENDING SHADER_API_DESKTOP UNITY_COLORSPACE_GAMMA ok=1
Cmd: compileSnippet
  api=4 type=0 insize=962 outsize=2230 kw=DIRECTIONAL_COOKIE SHADOWS_SCREEN FOG_EXP2 pd=UNITY_ENABLE_REFLECTION_BUFFERS UNITY_PBS_USE_BRDF1 UNITY_SPECCUBE_BOX_PROJECTION UNITY_SPECCUBE_BLENDING SHADER_API_DESKTOP UNITY_COLORSPACE_GAMMA ok=1
Cmd: compileSnippet
  api=1 type=1 insize=962 outsize=892 kw=DIRECTIONAL pd=UNITY_ENABLE_REFLECTION_BUFFERS UNITY_PBS_USE_BRDF1 UNITY_SPECCUBE_BOX_PROJECTION UNITY_SPECCUBE_BLENDING SHADER_API_DESKTOP UNITY_COLORSPACE_GAMMA ok=1
Cmd: compileSnippet
  api=1 type=1 insize=962 outsize=1124 kw=POINT_COOKIE pd=UNITY_ENABLE_REFLECTION_BUFFERS UNITY_PBS_USE_BRDF1 UNITY_SPECCUBE_BOX_PROJECTION UNITY_SPECCUBE_BLENDING SHADER_API_DESKTOP UNITY_COLORSPACE_GAMMA ok=1
Cmd: compileSnippet
  api=4 type=1 insize=962 outsize=1926 kw=SPOT SHADOWS_DEPTH pd=UNITY_ENABLE_REFLECTION_BUFFERS UNITY_PBS_USE_BRDF1 UNITY_SPECCUBE_BOX_PROJECTION UNITY_SPECCUBE_BLENDING SHADER_API_DESKTOP UNITY_COLORSPACE_GAMMA ok=1
Cmd: compileSnippet
  api=1 type=1 insize=962 outsize=1068 kw=POINT FOG_EXP2 pd=UNITY_ENABLE_REFLECTION_BUFFERS UNITY_PBS_USE_BRDF1 UNITY_SPECCUBE_BOX_PROJECTION UNITY_SPECCUBE_BLENDING SHADER_API_DESKTOP UNITY_COLORSPACE_GAMMA ok=1
Cmd: compileSnippet
  api=1 type=1 insize=962 outsize=1164 kw=POINT_COOKIE FOG_EXP2 pd=UNITY_ENABLE_REFLECTION_BUFFERS UNITY_PBS_USE_BRDF1 UNITY_SPECCUBE_BOX_PROJECTION UNITY_SPECCUBE_BLENDING SHADER_API_DESKTOP UNITY_COLORSPACE_GAMMA ok=1
Cmd: compileSnippet
  api=4 type=1 insize=962 outsize=2010 kw=SPOT SHADOWS_DEPTH FOG_EXP2 pd=UNITY_ENABLE_REFLECTION_BUFFERS UNITY_PBS_USE_BRDF1 UNITY_SPECCUBE_BOX_PROJECTION UNITY_SPECCUBE_BLENDING SHADER_API_DESKTOP UNITY_COLORSPACE_GAMMA ok=1
Cmd: compileSnippet
  api=1 type=1 insize=962 outsize=1476 kw=POINT_COOKIE SHADOWS_CUBE FOG_EXP2 pd=UNITY_ENABLE_REFLECTION_BUFFERS UNITY_PBS_USE_BRDF1 UNITY_SPECCUBE_BOX_PROJECTION UNITY_SPECCUBE_BLENDING SHADER_API_DESKTOP UNITY_COLORSPACE_GAMMA ok=1
Cmd: compileSnippet
  api=1 type=1 insize=681 outsize=140 kw=SHADOWS_DEPTH pd=UNITY_ENABLE_REFLECTION_BUFFERS UNITY_PBS_USE_BRDF1 UNITY_SPECCUBE_BOX_PROJECTION UNITY_SPECCUBE_BLENDING SHADER_API_DESKTOP UNITY_COLORSPACE_GAMMA ok=1
Cmd: compileSnippet
  api=1 type=1 insize=632 outsize=868 kw= pd=UNITY_ENABLE_REFLECTION_BUFFERS UNITY_PBS_USE_BRDF1 UNITY_SPECCUBE_BOX_PROJECTION UNITY_SPECCUBE_BLENDING SHADER_API_DESKTOP UNITY_COLORSPACE_GAMMA ok=1
Cmd: compileSnippet
  api=4 type=0 insize=4816 outsize=2010 kw= pd=UNITY_ENABLE_REFLECTION_BUFFERS UNITY_PBS_USE_BRDF1 UNITY_SPECCUBE_BOX_PROJECTION UNITY_SPECCUBE_BLENDING SHADER_API_DESKTOP UNITY_COLORSPACE_GAMMA ok=1
Cmd: compileSnippet
  api=8 type=0 insize=4816 outsize=3210 kw=FOG_EXP2 pd=UNITY_NO_SCREENSPACE_SHADOWS UNITY_ENABLE_REFLECTION_BUFFERS UNITY_PBS_USE_BRDF1 UNITY_SPECCUBE_BOX_PROJECTION UNITY_SPECCUBE_BLENDING SHADER_API_MOBILE SHADER_API_DESKTOP UNITY_COLORSPACE_GAMMA ok=1
Cmd: compileSnippet
  api=8 type=1 insize=4816 outsize=686 kw= pd=UNITY_NO_SCREENSPACE_SHADOWS UNITY_ENABLE_REFLECTION_BUFFERS UNITY_PBS_USE_BRDF1 UNITY_SPECCUBE_BOX_PROJECTION UNITY_SPECCUBE_BLENDING SHADER_API_MOBILE SHADER_API_DESKTOP UNITY_COLORSPACE_GAMMA ok=1
Cmd: compileSnippet
  api=4 type=1 insize=4816 outsize=606 kw=POINT FOG_EXP2 pd=UNITY_ENABLE_REFLECTION_BUFFERS UNITY_PBS_USE_BRDF1 UNITY_SPECCUBE_BOX_PROJECTION UNITY_SPECCUBE_BLENDING SHADER_API_DESKTOP UNITY_COLORSPACE_GAMMA ok=1
Cmd: compileSnippet
  api=8 type=0 insize=1918 outsize=1038 kw= pd=UNITY_NO_SCREENSPACE_SHADOWS UNITY_ENABLE_REFLECTION_BUFFERS UNITY_PBS_USE_BRDF1 UNITY_SPECCUBE_BOX_PROJECTION UNITY_SPECCUBE_BLENDING SHADER_API_MOBILE SHADER_API_DESKTOP UNITY_COLORSPACE_GAMMA ok=1
Cmd: compileSnippet
  api=8 type=1 insize=1918 outsize=990 kw=FOG_EXP2 pd=UNITY_NO_SCREENSPACE_SHADOWS UNITY_ENABLE_REFLECTION_BUFFERS UNITY_PBS_USE_BRDF1 UNITY_SPECCUBE_BOX_PROJECTION UNITY_SPECCUBE_BLENDING SHADER_API_MOBILE SHADER_API_DESKTOP UNITY_COLORSPACE_GAMMA ok=1
Cmd: compileSnippet
  api=1 type=1 insize=2193 outsize=444 kw= pd=UNITY_ENABLE_REFLECTION_BUFFERS UNITY_PBS_USE_BRDF1 UNITY_SPECCUBE_BOX_PROJECTION UNITY_SPECCUBE_BLENDING SHADER_API_DESKTOP UNITY_COLORSPACE_GAMMA ok=1
Cmd: compileSnippet
  api=1 type=0 insize=597 outsize=460 kw=SHADOWS_CUBE pd=UNITY_ENABLE_REFLECTION_BUFFERS UNITY_PBS_USE_BRDF1 UNITY_SPECCUBE_BOX_PROJECTION UNITY_SPECCUBE_BLENDING SHADER_API_DESKTOP UNITY_COLORSPACE_GAMMA ok=1
Cmd: compileSnippet
  api=1 type=0 insize=6957 outsize=1252 kw=DIRECTIONAL pd=UNITY_ENABLE_REFLECTION_BUFFERS UNITY_PBS_USE_BRDF1 UNITY_SPECCUBE_BOX_PROJECTION UNITY_SPECCUBE_BLENDING SHADER_API_DESKTOP UNITY_COLORSPACE_GAMMA ok=1
Cmd: compileSnippet
  api=4 type=0 insize=6957 outsize=2710 kw=DIRECTIONAL SHADOWS_SCREEN VERTEXLIGHT_ON pd=UNITY_ENABLE_REFLECTION_BUFFERS UNITY_PBS_USE_BRDF1 UNITY_SPECCUBE_BOX_PROJECTION UNITY_SPECCUBE_BLENDING SHADER_API_DESKTOP UNITY_COLORSPACE_GAMMA ok=1
Cmd: compileSnippet
  api=4 type=0 insize=6957 outsize=2970 kw=DIRECTIONAL SHADOWS_SCREEN FOG_EXP2 VERTEXLIGHT_ON pd=UNITY_ENABLE_REFLECTION_BUFFERS UNITY_PBS_USE_BRDF1 UNITY_SPECCUBE_BOX_PROJECTION UNITY_SPECCUBE_BLENDING SHADER_API_DESKTOP UNITY_COLORSPACE_GAMMA ok=1
Cmd: compileSnippet
  api=4 type=1 insize=6957 outsize=790 kw=DIRECTIONAL FOG_EXP2 pd=UNITY_ENABLE_REFLECTION_BUFFERS UNITY_PBS_USE_BRDF1 UNITY_SPECCUBE_BOX_PROJECTION UNITY_SPECCUBE_BLENDING SHADER_API_DESKTOP UNITY_COLORSPACE_GAMMA ok=1
Cmd: compileSnippet
  api=1 type=0 insize=3671 outsize=668 kw=POINT pd=UNITY_ENABLE_REFLECTION_BUFFERS UNITY_PBS_USE_BRDF1 UNITY_SPECCUBE_BOX_PROJECTION UNITY_SPECCUBE_BLENDING SHADER_API_DESKTOP UNITY_COLORSPACE_GAMMA ok=1
Cmd: compileSnippet
  api=8 type=0 insize=3671 outsize=1518 kw=POINT_COOKIE pd=UNITY_NO_SCREENSPACE_SHADOWS UNITY_ENABLE_REFLECTION_BUFFERS UNITY_PBS_USE_BRDF1 UNITY_SPECCUBE_BOX_PROJECTION UNITY_SPECCUBE_BLENDING SHADER_API_MOBILE SHADER_API_DESKTOP UNITY_COLORSPACE_GAMMA ok=1
Cmd: compileSnippet
  api=4 type=0 insize=3671 outsize=1390 kw=SPOT FOG_EXP2 pd=UNITY_ENABLE_REFLECTION_BUFFERS UNITY_PBS_USE_BRDF1 UNITY_SPECCUBE_BOX_PROJECTION UNITY_SPECCUBE_BLENDING SHADER_API_DESKTOP UNITY_COLORSPACE_GAMMA ok=1
Cmd: compileSnippet
  api=8 type=0 insize=3671 outsize=1730 kw=DIRECTIONAL_COOKIE FOG_EXP2 pd=UNITY_NO_SCREENSPACE_SHADOWS UNITY_ENABLE_REFLECTION_BUFFERS UNITY_PBS_USE_BRDF1 UNITY_SPECCUBE_BOX_PROJECTION UNITY_SPECCUBE_BLENDING SHADER_API_MOBILE SHADER_API_DESKTOP UNITY_COLORSPACE_GAMMA ok=1
Cmd: compileSnippet
  api=1 type=1 insize=3671 outsize=884 kw=SPOT pd=UNITY_ENABLE_REFLECTION_BUFFERS UNITY_PBS_USE_BRDF1 UNITY_SPECCUBE_BOX_PROJECTION UNITY_SPECCUBE_BLENDING SHADER_API_DESKTOP UNITY_COLORSPACE_GAMMA ok=1
Cmd: compileSnippet
  api=4 type=1 insize=3671 outsize=1046 kw=POINT_COOKIE pd=UNITY_ENABLE_REFLECTION_BUFFERS UNITY_PBS_USE_BRDF1 UNITY_SPECCUBE_BOX_PROJECTION UNITY_SPECCUBE_BLENDING SHADER_API_DESKTOP UNITY_COLORSPACE_GAMMA ok=1
Cmd: compileSnippet
  api=1 type=1 insize=3671 outsize=464 kw=DIRECTIONAL FOG_EXP2 pd=UNITY_ENABLE_REFLECTION_BUFFERS UNITY_PBS_USE_BRDF1 UNITY_SPECCUBE_BOX_PROJECTION UNITY_SPECCUBE_BLENDING SHADER_API_DESKTOP UNITY_COLORSPACE_GAMMA ok=1
Cmd: compileSnippet
  api=4 type=1 insize=3671 outsize=1130 kw=POINT_COOKIE FOG_EXP2 pd=UNITY_ENABLE_REFLECTION_BUFFERS UNITY_PBS_USE_BRDF1 UNITY_SPECCUBE_BOX_PROJECTION UNITY_SPECCUBE_BLENDING SHADER_API_DESKTOP UNITY_COLORSPACE_GAMMA ok=1
Cmd: compileSnippet
  api=4 type=0 insize=6115 outsize=1966 kw= pd=UNITY_ENABLE_REFLECTION_BUFFERS UNITY_PBS_USE_BRDF1 UNITY_SPECCUBE_BOX_PROJECTION UNITY_SPECCUBE_BLENDING SHADER_API_DESKTOP UNITY_COLORSPACE_GAMMA ok=1
Cmd: compileSnippet
  api=4 type=0 insize=6115 outsize=2226 kw=FOG_EXP2 UNITY_HDR_ON pd=UNITY_ENABLE_REFLECTION_BUFFERS UNITY_PBS_USE_BRDF1 UNITY_SPECCUBE_BOX_PROJECTION UNITY_SPECCUBE_BLENDING SHADER_API_DESKTOP UNITY_COLORSPACE_GAMMA ok=1
Cmd: compileSnippet
  api=4 type=1 insize=6115 outsize=794 kw=FOG_EXP2 pd=UNITY_ENABLE_REFLECTION_BUFFERS UNITY_PBS_USE_BRDF1 UNITY_SPECCUBE_BOX_PROJECTION UNITY_SPECCUBE_BLENDING SHADER_API_DESKTOP UNITY_COLORSPACE_GAMMA ok=1
Cmd: compileSnippet
  api=1 type=0 insize=5806 outsize=1276 kw= pd=UNITY_ENABLE_REFLECTION_BUFFERS UNITY_PBS_USE_BRDF1 UNITY_SPECCUBE_BOX_PROJECTION UNITY_SPECCUBE_BLENDING SHADER_API_DESKTOP UNITY_COLORSPACE_GAMMA ok=1
Cmd: compileSnippet
  api=8 type=1 insize=5806 outsize=1138 kw= pd=UNITY_NO_SCREENSPACE_SHADOWS UNITY_ENABLE_REFLECTION_BUFFERS UNITY_PBS_USE_BRDF1 UNITY_SPECCUBE_BOX_PROJECTION UNITY_SPECCUBE_BLENDING SHADER_API_MOBILE SHADER_API_DESKTOP UNITY_COLORSPACE_GAMMA ok=1
Cmd: compileSnippet
  api=1 type=0 insize=789 outsize=300 kw= pd=UNITY_ENABLE_REFLECTION_BUFFERS UNITY_PBS_USE_BRDF1 UNITY_SPECCUBE_BOX_PROJECTION UNITY_SPECCUBE_BLENDING SHADER_API_DESKTOP UNITY_COLORSPACE_GAMMA ok=1
Cmd: compileSnippet
  api=1 type=0 insize=768 outsize=628 kw= pd=UNITY_ENABLE_REFLECTION_BUFFERS UNITY_PBS_USE_BRDF1 UNITY_SPECCUBE_BOX_PROJECTION UNITY_SPECCUBE_BLENDING SHADER_API_DESKTOP UNITY_COLORSPACE_GAMMA ok=1
Cmd: compileSnippet
  api=1 type=0 insize=1021 outsize=704 kw= pd=UNITY_ENABLE_REFLECTION_BUFFERS UNITY_PBS_USE_BRDF1 UNITY_SPECCUBE_BOX_PROJECTION UNITY_SPECCUBE_BLENDING SHADER_API_DESKTOP UNITY_COLORSPACE_GAMMA ok=1
Cmd: compileSnippet
  api=4 type=0 insize=908 outsize=2238 kw= pd=UNITY_ENABLE_REFLECTION_BUFFERS UNITY_PBS_USE_BRDF1 UNITY_SPECCUBE_BOX_PROJECTION UNITY_SPECCUBE_BLENDING SHADER_API_DESKTOP UNITY_COLORSPACE_GAMMA ok=1
Cmd: compileSnippet
  api=4 type=0 insize=1026 outsize=2666 kw= pd=UNITY_ENABLE_REFLECTION_BUFFERS UNITY_PBS_USE_BRDF1 UNITY_SPECCUBE_BOX_PROJECTION UNITY_SPECCUBE_BLENDING SHADER_API_DESKTOP UNITY_COLORSPACE_GAMMA ok=1
Cmd: compileSnippet
  api=4 type=0 insize=961 outsize=1326 kw= pd=UNITY_ENABLE_REFLECTION_BUFFERS UNITY_PBS_USE_BRDF1 UNITY_SPECCUBE_BOX_PROJECTION UNITY_SPECCUBE_BLENDING SHADER_API_DESKTOP UNITY_COLORSPACE_GAMMA ok=1
Cmd: compileSnippet
  api=4 type=1 insize=1165 outsize=670 kw= pd=UNITY_ENABLE_REFLECTION_BUFFERS UNITY_PBS_USE_BRDF1 UNITY_SPECCUBE_BOX_PROJECTION UNITY_SPECCUBE_BLENDING SHADER_API_DESKTOP UNITY_COLORSPACE_GAMMA ok=1
Cmd: compileSnippet
  api=1 type=1 insize=1053 outsize=448 kw= pd=UNITY_ENABLE_REFLECTION_BUFFERS UNITY_PBS_USE_BRDF1 UNITY_SPECCUBE_BOX_PROJECTION UNITY_SPECCUBE_BLENDING SHADER_API_DESKTOP UNITY_COLORSPACE_GAMMA ok=1
Cmd: compileSnippet
  api=4 type=0 insize=1383 outsize=942 kw=DIRECTIONAL pd=UNITY_ENABLE_REFLECTION_BUFFERS UNITY_PBS_USE_BRDF1 UNITY_SPECCUBE_BOX_PROJECTION UNITY_SPECCUBE_BLENDING SHADER_API_DESKTOP UNITY_COLORSPACE_GAMMA ok=1
Cmd: compileSnippet
  api=4 type=0 insize=1383 outsize=942 kw=DIRECTIONAL SHADOWS_SCREEN pd=UNITY_ENABLE_REFLECTION_BUFFERS UNITY_PBS_USE_BRDF1 UNITY_SPECCUBE_BOX_PROJECTION UNITY_SPECCUBE_BLENDING SHADER_API_DESKTOP UNITY_COLORSPACE_GAMMA ok=1
Cmd: compileSnippet
  api=1 type=0 insize=1383 outsize=696 kw=POINT_COOKIE SHADOWS_CUBE SHADOWS_SOFT pd=UNITY_ENABLE_REFLECTION_BUFFERS UNITY_PBS_USE_BRDF1 UNITY_SPECCUBE_BOX_PROJECTION UNITY_SPECCUBE_BLENDING SHADER_API_DESKTOP UNITY_COLORSPACE_GAMMA ok=1
Cmd: compileSnippet
  api=1 type=1 insize=1383 outsize=1404 kw=DIRECTIONAL pd=UNITY_ENABLE_REFLECTION_BUFFERS UNITY_PBS_USE_BRDF1 UNITY_SPECCUBE_BOX_PROJECTION UNITY_SPECCUBE_BLENDING SHADER_API_DESKTOP UNITY_COLORSPACE_GAMMA ok=1
Cmd: compileSnippet
  api=1 type=1 insize=1383 outsize=1624 kw=DIRECTIONAL_COOKIE pd=UNITY_ENABLE_REFLECTION_BUFFERS UNITY_PBS_USE_BRDF1 UNITY_SPECCUBE_BOX_PROJECTION UNITY_SPECCUBE_BLENDING SHADER_API_DESKTOP UNITY_COLORSPACE_GAMMA ok=1
Cmd: compileSnippet
  api=1 type=1 insize=1383 outsize=1896 kw=POINT SHADOWS_CUBE pd=UNITY_ENABLE_REFLECTION_BUFFERS UNITY_PBS_USE_BRDF1 UNITY_SPECCUBE_BOX_PROJECTION UNITY_SPECCUBE_BLENDING SHADER_API_DESKTOP UNITY_COLORSPACE_GAMMA ok=1
Cmd: compileSnippet
  api=4 type=1 insize=1383 outsize=2726 kw=POINT SHADOWS_CUBE SHADOWS_SOFT pd=UNITY_ENABLE_REFLECTION_BUFFERS UNITY_PBS_USE_BRDF1 UNITY_SPECCUBE_BOX_PROJECTION UNITY_SPECCUBE_BLENDING SHADER_API_DESKTOP UNITY_COLORSPACE_GAMMA ok=1
Cmd: compileSnippet
  api=4 type=0 insize=1376 outsize=942 kw=DIRECTIONAL pd=UNITY_ENABLE_REFLECTION_BUFFERS UNITY_PBS_USE_BRDF1 UNITY_SPECCUBE_BOX_PROJECTION UNITY_SPECCUBE_BLENDING SHADER_API_DESKTOP UNITY_COLORSPACE_GAMMA ok=1
Cmd: compileSnippet
  api=4 type=0 insize=1376 outsize=942 kw=DIRECTIONAL_COOKIE SHADOWS_SCREEN pd=UNITY_ENABLE_REFLECTION_BUFFERS UNITY_PBS_USE_BRDF1 UNITY_SPECCUBE_BOX_PROJECTION UNITY_SPECCUBE_BLENDING SHADER_API_DESKTOP UNITY_COLORSPACE_GAMMA ok=1
Cmd: compileSnippet
  api=1 type=0 insize=1376 outsize=696 kw=POINT SHADOWS_CUBE SHADOWS_SOFT pd=UNITY_ENABLE_REFLECTION_BUFFERS UNITY_PBS_USE_BRDF1 UNITY_SPECCUBE_BOX_PROJECTION UNITY_SPECCUBE_BLENDING SHADER_API_DESKTOP UNITY_COLORSPACE_GAMMA ok=1
Cmd: compileSnippet
  api=4 type=1 insize=1376 outsize=2414 kw=SPOT pd=UNITY_ENABLE_REFLECTION_BUFFERS UNITY_PBS_USE_BRDF1 UNITY_SPECCUBE_BOX_PROJECTION UNITY_SPECCUBE_BLENDING SHADER_API_DESKTOP UNITY_COLORSPACE_GAMMA ok=1
Cmd: compileSnippet
  api=4 type=1 insize=1376 outsize=1938 kw=DIRECTIONAL SHADOWS_SCREEN pd=UNITY_ENABLE_REFLECTION_BUFFERS UNITY_PBS_USE_BRDF1 UNITY_SPECCUBE_BOX_PROJECTION UNITY_SPECCUBE_BLENDING SHADER_API_DESKTOP UNITY_COLORSPACE_GAMMA ok=1
Cmd: compileSnippet
  api=4 type=1 insize=1376 outsize=2702 kw=POINT SHADOWS_CUBE SHADOWS_SOFT pd=UNITY_ENABLE_REFLECTION_BUFFERS UNITY_PBS_USE_BRDF1 UNITY_SPECCUBE_BOX_PROJECTION UNITY_SPECCUBE_BLENDING SHADER_API_DESKTOP UNITY_COLORSPACE_GAMMA ok=1
Cmd: compileSnippet
  api=4 type=0 insize=18516 outsize=1126 kw= pd=UNITY_ENABLE_REFLECTION_BUFFERS UNITY_PBS_USE_BRDF1 UNITY_SPECCUBE_BOX_PROJECTION UNITY_SPECCUBE_BLENDING SHADER_API_DESKTOP UNITY_COLORSPACE_GAMMA ok=1
Cmd: compileSnippet
  api=1 type=1 insize=18516 outsize=1316 kw= pd=UNITY_ENABLE_REFLECTION_BUFFERS UNITY_PBS_USE_BRDF1 UNITY_SPECCUBE_BOX_PROJECTION UNITY_SPECCUBE_BLENDING SHADER_API_DESKTOP UNITY_COLORSPACE_GAMMA ok=1
Cmd: compileSnippet
  api=1 type=1 insize=18516 outsize=1072 kw=SHADOWS_SPLIT_SPHERES SHADOWS_SINGLE_CASCADE pd=UNITY_ENABLE_REFLECTION_BUFFERS UNITY_PBS_USE_BRDF1 UNITY_SPECCUBE_BOX_PROJECTION UNITY_SPECCUBE_BLENDING SHADER_API_DESKTOP UNITY_COLORSPACE_GAMMA ok=1
Cmd: compileSnippet
  api=1 type=0 insize=18520 outsize=728 kw= pd=UNITY_ENABLE_REFLECTION_BUFFERS UNITY_PBS_USE_BRDF1 UNITY_SPECCUBE_BOX_PROJECTION UNITY_SPECCUBE_BLENDING SHADER_API_DESKTOP UNITY_COLORSPACE_GAMMA ok=1
Cmd: compileSnippet
  api=1 type=0 insize=18520 outsize=728 kw=SHADOWS_SPLIT_SPHERES SHADOWS_SINGLE_CASCADE pd=UNITY_ENABLE_REFLECTION_BUFFERS UNITY_PBS_USE_BRDF1 UNITY_SPECCUBE_BOX_PROJECTION UNITY_SPECCUBE_BLENDING SHADER_API_DESKTOP UNITY_COLORSPACE_GAMMA ok=1
Cmd: compileSnippet
  api=1 type=1 insize=18520 outsize=1260 kw= pd=UNITY_ENABLE_REFLECTION_BUFFERS UNITY_PBS_USE_BRDF1 UNITY_SPECCUBE_BOX_PROJECTION UNITY_SPECCUBE_BLENDING SHADER_API_DESKTOP UNITY_COLORSPACE_GAMMA ok=1
Cmd: compileSnippet
  api=1 type=1 insize=18520 outsize=996 kw=SHADOWS_SPLIT_SPHERES SHADOWS_SINGLE_CASCADE pd=UNITY_ENABLE_REFLECTION_BUFFERS UNITY_PBS_USE_BRDF1 UNITY_SPECCUBE_BOX_PROJECTION UNITY_SPECCUBE_BLENDING SHADER_API_DESKTOP UNITY_COLORSPACE_GAMMA ok=1
Cmd: compileSnippet
  api=4 type=0 insize=18539 outsize=1126 kw=SHADOWS_SINGLE_CASCADE pd=UNITY_ENABLE_REFLECTION_BUFFERS UNITY_PBS_USE_BRDF1 UNITY_SPECCUBE_BOX_PROJECTION UNITY_SPECCUBE_BLENDING SHADER_API_DESKTOP UNITY_COLORSPACE_GAMMA ok=1
Cmd: compileSnippet
  api=1 type=1 insize=18539 outsize=2144 kw=SHADOWS_SINGLE_CASCADE pd=UNITY_ENABLE_REFLECTION_BUFFERS UNITY_PBS_USE_BRDF1 UNITY_SPECCUBE_BOX_PROJECTION UNITY_SPECCUBE_BLENDING SHADER_API_DESKTOP UNITY_COLORSPACE_GAMMA ok=1
Cmd: compileSnippet
  api=1 type=0 insize=18543 outsize=728 kw=SHADOWS_SPLIT_SPHERES pd=UNITY_ENABLE_REFLECTION_BUFFERS UNITY_PBS_USE_BRDF1 UNITY_SPECCUBE_BOX_PROJECTION UNITY_SPECCUBE_BLENDING SHADER_API_DESKTOP UNITY_COLORSPACE_GAMMA ok=1
Cmd: compileSnippet
  api=1 type=1 insize=18543 outsize=2176 kw=SHADOWS_SPLIT_SPHERES SHADOWS_SINGLE_CASCADE pd=UNITY_ENABLE_REFLECTION_BUFFERS UNITY_PBS_USE_BRDF1 UNITY_SPECCUBE_BOX_PROJECTION UNITY_SPECCUBE_BLENDING SHADER_API_DESKTOP UNITY_COLORSPACE_GAMMA ok=1
Cmd: compileSnippet
  api=8 type=0 insize=1201 outsize=754 kw= pd=UNITY_NO_SCREENSPACE_SHADOWS UNITY_ENABLE_REFLECTION_BUFFERS UNITY_PBS_USE_BRDF1 UNITY_SPECCUBE_BOX_PROJECTION UNITY_SPECCUBE_BLENDING SHADER_API_MOBILE SHADER_API_DESKTOP UNITY_COLORSPACE_GAMMA ok=1
Cmd: compileSnippet
  api=8 type=0 insize=870 outsize=754 kw= pd=UNITY_NO_SCREENSPACE_SHADOWS UNITY_ENABLE_REFLECTION_BUFFERS UNITY_PBS_USE_BRDF1 UNITY_SPECCUBE_BOX_PROJECTION UNITY_SPECCUBE_BLENDING SHADER_API_MOBILE SHADER_API_DESKTOP UNITY_COLORSPACE_GAMMA ok=1
Cmd: compileSnippet
  api=4 type=0 insize=895 outsize=522 kw= pd=UNITY_ENABLE_REFLECTION_BUFFERS UNITY_PBS_USE_BRDF1 UNITY_SPECCUBE_BOX_PROJECTION UNITY_SPECCUBE_BLENDING SHADER_API_DESKTOP UNITY_COLORSPACE_GAMMA ok=1
Cmd: compileSnippet
  api=4 type=0 insize=1897 outsize=942 kw=DIRECTIONAL pd=UNITY_ENABLE_REFLECTION_BUFFERS UNITY_PBS_USE_BRDF1 UNITY_SPECCUBE_BOX_PROJECTION UNITY_SPECCUBE_BLENDING SHADER_API_DESKTOP UNITY_COLORSPACE_GAMMA ok=1
Cmd: compileSnippet
  api=4 type=0 insize=1897 outsize=942 kw=DIRECTIONAL SHADOWS_SCREEN pd=UNITY_ENABLE_REFLECTION_BUFFERS UNITY_PBS_USE_BRDF1 UNITY_SPECCUBE_BOX_PROJECTION UNITY_SPECCUBE_BLENDING SHADER_API_DESKTOP UNITY_COLORSPACE_GAMMA ok=1
Cmd: compileSnippet
  api=4 type=0 insize=1897 outsize=942 kw=SPOT SHADOWS_DEPTH SHADOWS_SOFT pd=UNITY_ENABLE_REFLECTION_BUFFERS UNITY_PBS_USE_BRDF1 UNITY_SPECCUBE_BOX_PROJECTION UNITY_SPECCUBE_BLENDING SHADER_API_DESKTOP UNITY_COLORSPACE_GAMMA ok=1
Cmd: compileSnippet
  api=1 type=0 insize=1897 outsize=696 kw=SPOT UNITY_HDR_ON pd=UNITY_ENABLE_REFLECTION_BUFFERS UNITY_PBS_USE_BRDF1 UNITY_SPECCUBE_BOX_PROJECTION UNITY_SPECCUBE_BLENDING SHADER_API_DESKTOP UNITY_COLORSPACE_GAMMA ok=1
Cmd: compileSnippet
  api=4 type=0 insize=1897 outsize=942 kw=SPOT SHADOWS_DEPTH UNITY_HDR_ON pd=UNITY_ENABLE_REFLECTION_BUFFERS UNITY_PBS_USE_BRDF1 UNITY_SPECCUBE_BOX_PROJECTION UNITY_SPECCUBE_BLENDING SHADER_API_DESKTOP UNITY_COLORSPACE_GAMMA ok=1
Cmd: compileSnippet
  api=1 type=0 insize=1897 outsize=696 kw=SPOT SHADOWS_DEPTH SHADOWS_SOFT UNITY_HDR_ON pd=UNITY_ENABLE_REFLECTION_BUFFERS UNITY_PBS_USE_BRDF1 UNITY_SPECCUBE_BOX_PROJECTION UNITY_SPECCUBE_BLENDING SHADER_API_DESKTOP UNITY_COLORSPACE_GAMMA ok=1
Cmd: compileSnippet
  api=1 type=1 insize=1897 outsize=2296 kw=POINT pd=UNITY_ENABLE_REFLECTION_BUFFERS UNITY_PBS_USE_BRDF1 UNITY_SPECCUBE_BOX_PROJECTION UNITY_SPECCUBE_BLENDING SHADER_API_DESKTOP UNITY_COLORSPACE_GAMMA ok=1
Cmd: compileSnippet
  api=1 type=1 insize=1897 outsize=2348 kw=DIRECTIONAL_COOKIE pd=UNITY_ENABLE_REFLECTION_BUFFERS UNITY_PBS_USE_BRDF1 UNITY_SPECCUBE_BOX_PROJECTION UNITY_SPECCUBE_BLENDING SHADER_API_DESKTOP UNITY_COLORSPACE_GAMMA ok=1
Cmd: compileSnippet
  api=4 type=1 insize=1897 outsize=3470 kw=POINT SHADOWS_CUBE pd=UNITY_ENABLE_REFLECTION_BUFFERS UNITY_PBS_USE_BRDF1 UNITY_SPECCUBE_BOX_PROJECTION UNITY_SPECCUBE_BLENDING SHADER_API_DESKTOP UNITY_COLORSPACE_GAMMA ok=1
Cmd: compileSnippet
  api=1 type=1 insize=1897 outsize=2260 kw=POINT UNITY_HDR_ON pd=UNITY_ENABLE_REFLECTION_BUFFERS UNITY_PBS_USE_BRDF1 UNITY_SPECCUBE_BOX_PROJECTION UNITY_SPECCUBE_BLENDING SHADER_API_DESKTOP UNITY_COLORSPACE_GAMMA ok=1
Cmd: compileSnippet
  api=4 type=1 insize=1897 outsize=3418 kw=POINT_COOKIE UNITY_HDR_ON pd=UNITY_ENABLE_REFLECTION_BUFFERS UNITY_PBS_USE_BRDF1 UNITY_SPECCUBE_BOX_PROJECTION UNITY_SPECCUBE_BLENDING SHADER_API_DESKTOP UNITY_COLORSPACE_GAMMA ok=1
Cmd: compileSnippet
  api=1 type=1 insize=1897 outsize=2532 kw=POINT SHADOWS_CUBE UNITY_HDR_ON pd=UNITY_ENABLE_REFLECTION_BUFFERS UNITY_PBS_USE_BRDF1 UNITY_SPECCUBE_BOX_PROJECTION UNITY_SPECCUBE_BLENDING SHADER_API_DESKTOP UNITY_COLORSPACE_GAMMA ok=1
Cmd: compileSnippet
  api=1 type=1 insize=1897 outsize=2720 kw=POINT SHADOWS_CUBE SHADOWS_SOFT UNITY_HDR_ON pd=UNITY_ENABLE_REFLECTION_BUFFERS UNITY_PBS_USE_BRDF1 UNITY_SPECCUBE_BOX_PROJECTION UNITY_SPECCUBE_BLENDING SHADER_API_DESKTOP UNITY_COLORSPACE_GAMMA ok=1
Cmd: compileSnippet
  api=1 type=1 insize=3215 outsize=2184 kw= pd=UNITY_ENABLE_REFLECTION_BUFFERS UNITY_PBS_USE_BRDF1 UNITY_SPECCUBE_BOX_PROJECTION UNITY_SPECCUBE_BLENDING SHADER_API_DESKTOP UNITY_COLORSPACE_GAMMA ok=1
Cmd: compileSnippet
  api=1 type=1 insize=895 outsize=268 kw= pd=UNITY_ENABLE_REFLECTION_BUFFERS UNITY_PBS_USE_BRDF1 UNITY_SPECCUBE_BOX_PROJECTION UNITY_SPECCUBE_BLENDING SHADER_API_DESKTOP UNITY_COLORSPACE_GAMMA ok=1
Cmd: compileSnippet
  api=4 type=0 insize=4174 outsize=678 kw= pd=UNITY_ENABLE_REFLECTION_BUFFERS UNITY_PBS_USE_BRDF1 UNITY_SPECCUBE_BOX_PROJECTION UNITY_SPECCUBE_BLENDING SHADER_API_DESKTOP UNITY_COLORSPACE_GAMMA ok=1
Cmd: compileSnippet
  api=1 type=0 insize=1117 outsize=412 kw= pd=UNITY_ENABLE_REFLECTION_BUFFERS UNITY_PBS_USE_BRDF1 UNITY_SPECCUBE_BOX_PROJECTION UNITY_SPECCUBE_BLENDING SHADER_API_DESKTOP UNITY_COLORSPACE_GAMMA ok=1
Cmd: compileSnippet
  api=4 type=0 insize=1347 outsize=622 kw= pd=UNITY_ENABLE_REFLECTION_BUFFERS UNITY_PBS_USE_BRDF1 UNITY_SPECCUBE_BOX_PROJECTION UNITY_SPECCUBE_BLENDING SHADER_API_DESKTOP UNITY_COLORSPACE_GAMMA ok=1
Cmd: compileSnippet
  api=1 type=1 insize=1347 outsize=264 kw=FOG_EXP2 pd=UNITY_ENABLE_REFLECTION_BUFFERS UNITY_PBS_USE_BRDF1 UNITY_SPECCUBE_BOX_PROJECTION UNITY_SPECCUBE_BLENDING SHADER_API_DESKTOP UNITY_COLORSPACE_GAMMA ok=1
Cmd: compileSnippet
  api=8 type=1 insize=1442 outsize=734 kw= pd=UNITY_NO_SCREENSPACE_SHADOWS UNITY_ENABLE_REFLECTION_BUFFERS UNITY_PBS_USE_BRDF1 UNITY_SPECCUBE_BOX_PROJECTION UNITY_SPECCUBE_BLENDING SHADER_API_MOBILE SHADER_API_DESKTOP UNITY_COLORSPACE_GAMMA ok=1
Cmd: compileSnippet
  api=8 type=1 insize=1464 outsize=702 kw= pd=UNITY_NO_SCREENSPACE_SHADOWS UNITY_ENABLE_REFLECTION_BUFFERS UNITY_PBS_USE_BRDF1 UNITY_SPECCUBE_BOX_PROJECTION UNITY_SPECCUBE_BLENDING SHADER_API_MOBILE SHADER_API_DESKTOP UNITY_COLORSPACE_GAMMA ok=1
Cmd: compileSnippet
  api=1 type=0 insize=1640 outsize=620 kw=PIXELSNAP_ON pd=UNITY_ENABLE_REFLECTION_BUFFERS UNITY_PBS_USE_BRDF1 UNITY_SPECCUBE_BOX_PROJECTION UNITY_SPECCUBE_BLENDING SHADER_API_DESKTOP UNITY_COLORSPACE_GAMMA ok=1
Cmd: compileSnippet
  api=1 type=1 insize=1640 outsize=236 kw= pd=UNITY_ENABLE_REFLECTION_BUFFERS UNITY_PBS_USE_BRDF1 UNITY_SPECCUBE_BOX_PROJECTION UNITY_SPECCUBE_BLENDING SHADER_API_DESKTOP UNITY_COLORSPACE_GAMMA ok=1
Cmd: compileSnippet
  api=8 type=1 insize=1640 outsize=578 kw=PIXELSNAP_ON pd=UNITY_NO_SCREENSPACE_SHADOWS UNITY_ENABLE_REFLECTION_BUFFERS UNITY_PBS_USE_BRDF1 UNITY_SPECCUBE_BOX_PROJECTION UNITY_SPECCUBE_BLENDING SHADER_API_MOBILE SHADER_API_DESKTOP UNITY_COLORSPACE_GAMMA ok=1
Cmd: compileSnippet
  api=4 type=0 insize=6693 outsize=514 kw= pd=UNITY_ENABLE_REFLECTION_BUFFERS UNITY_PBS_USE_BRDF1 UNITY_SPECCUBE_BOX_PROJECTION UNITY_SPECCUBE_BLENDING SHADER_API_DESKTOP UNITY_COLORSPACE_GAMMA ok=1
Cmd: compileSnippet
  api=4 type=0 insize=737 outsize=514 kw= pd=UNITY_ENABLE_REFLECTION_BUFFERS UNITY_PBS_USE_BRDF1 UNITY_SPECCUBE_BOX_PROJECTION UNITY_SPECCUBE_BLENDING SHADER_API_DESKTOP UNITY_COLORSPACE_GAMMA ok=1
Cmd: compileSnippet
  api=1 type=1 insize=1068 outsize=628 kw= pd=UNITY_ENABLE_REFLECTION_BUFFERS UNITY_PBS_USE_BRDF1 UNITY_SPECCUBE_BOX_PROJECTION UNITY_SPECCUBE_BLENDING SHADER_API_DESKTOP UNITY_COLORSPACE_GAMMA ok=1
Cmd: compileSnippet
  api=9 type=1 insize=13171 outsize=0 kw=_SUNDISK_NONE pd=UNITY_ENABLE_REFLECTION_BUFFERS UNITY_PBS_USE_BRDF1 UNITY_SPECCUBE_BOX_PROJECTION UNITY_SPECCUBE_BLENDING SHADER_API_DESKTOP UNITY_COLORSPACE_GAMMA ok=1
Cmd: compileSnippet
  api=9 type=0 insize=1023 outsize=16265 kw=DIRECTIONAL VERTEXLIGHT_ON pd=UNITY_ENABLE_REFLECTION_BUFFERS UNITY_PBS_USE_BRDF1 UNITY_SPECCUBE_BOX_PROJECTION UNITY_SPECCUBE_BLENDING SHADER_API_DESKTOP UNITY_COLORSPACE_GAMMA ok=1
Cmd: compileSnippet
  api=5 type=0 insize=1023 outsize=15842 kw=DIRECTIONAL SHADOWS_SCREEN FOG_EXP2 VERTEXLIGHT_ON pd=UNITY_ENABLE_REFLECTION_BUFFERS UNITY_PBS_USE_BRDF1 UNITY_SPECCUBE_BOX_PROJECTION UNITY_SPECCUBE_BLENDING SHADER_API_DESKTOP UNITY_COLORSPACE_GAMMA ok=1
Cmd: compileSnippet
  api=5 type=0 insize=1023 outsize=15603 kw=DIRECTIONAL SHADOWS_SCREEN _EMISSION VERTEXLIGHT_ON pd=UNITY_ENABLE_REFLECTION_BUFFERS UNITY_PBS_USE_BRDF1 UNITY_SPECCUBE_BOX_PROJECTION UNITY_SPECCUBE_BLENDING SHADER_API_DESKTOP UNITY_COLORSPACE_GAMMA ok=1
Cmd: compileSnippet
  api=5 type=0 insize=1023 outsize=15394 kw=DIRECTIONAL FOG_EXP2 _EMISSION VERTEXLIGHT_ON pd=UNITY_ENABLE_REFLECTION_BUFFERS UNITY_PBS_USE_BRDF1 UNITY_SPECCUBE_BOX_PROJECTION UNITY_SPECCUBE_BLENDING SHADER_API_DESKTOP UNITY_COLORSPACE_GAMMA ok=1
Cmd: compileSnippet
  api=9 type=1 insize=1023 outsize=0 kw=DIRECTIONAL SHADOWS_SCREEN FOG_EXP2 pd=UNITY_ENABLE_REFLECTION_BUFFERS UNITY_PBS_USE_BRDF1 UNITY_SPECCUBE_BOX_PROJECTION UNITY_SPECCUBE_BLENDING SHADER_API_DESKTOP UNITY_COLORSPACE_GAMMA ok=1
Cmd: compileSnippet
  api=9 type=1 insize=1023 outsize=0 kw=DIRECTIONAL SHADOWS_SCREEN FOG_EXP2 _EMISSION pd=UNITY_ENABLE_REFLECTION_BUFFERS UNITY_PBS_USE_BRDF1 UNITY_SPECCUBE_BOX_PROJECTION UNITY_SPECCUBE_BLENDING SHADER_API_DESKTOP UNITY_COLORSPACE_GAMMA ok=1
Cmd: compileSnippet
  api=9 type=0 insize=949 outsize=9187 kw=SPOT pd=UNITY_ENABLE_REFLECTION_BUFFERS UNITY_PBS_USE_BRDF1 UNITY_SPECCUBE_BOX_PROJECTION UNITY_SPECCUBE_BLENDING SHADER_API_DESKTOP UNITY_COLORSPACE_GAMMA ok=1
Cmd: compileSnippet
  api=9 type=0 insize=949 outsize=9098 kw=DIRECTIONAL_COOKIE SHADOWS_SCREEN pd=UNITY_ENABLE_REFLECTION_BUFFERS UNITY_PBS_USE_BRDF1 UNITY_SPECCUBE_BOX_PROJECTION UNITY_SPECCUBE_BLENDING SHADER_API_DESKTOP UNITY_COLORSPACE_GAMMA ok=1
Cmd: compileSnippet
  api=5 type=0 insize=949 outsize=8403 kw=POINT_COOKIE SHADOWS_CUBE SHADOWS_SOFT pd=UNITY_ENABLE_REFLECTION_BUFFERS UNITY_PBS_USE_BRDF1 UNITY_SPECCUBE_BOX_PROJECTION UNITY_SPECCUBE_BLENDING SHADER_API_DESKTOP UNITY_COLORSPACE_GAMMA ok=1
Cmd: compileSnippet
  api=5 type=0 insize=949 outsize=6955 kw=SPOT FOG_EXP2 pd=UNITY_ENABLE_REFLECTION_BUFFERS UNITY_PBS_USE_BRDF1 UNITY_SPECCUBE_BOX_PROJECTION UNITY_SPECCUBE_BLENDING SHADER_API_DESKTOP UNITY_COLORSPACE_GAMMA ok=1
Cmd: compileSnippet
  api=9 type=0 insize=949 outsize=10550 kw=SPOT SHADOWS_DEPTH FOG_EXP2 pd=UNITY_ENABLE_REFLECTION_BUFFERS UNITY_PBS_USE_BRDF1 UNITY_SPECCUBE_BOX_PROJECTION UNITY_SPECCUBE_BLENDING SHADER_API_DESKTOP UNITY_COLORSPACE_GAMMA ok=1
Cmd: compileSnippet
  api=9 type=0 insize=949 outsize=11296 kw=SPOT SHADOWS_DEPTH SHADOWS_SOFT FOG_EXP2 pd=UNITY_ENABLE_REFLECTION_BUFFERS UNITY_PBS_USE_BRDF1 UNITY_SPECCUBE_BOX_PROJECTION UNITY_SPECCUBE_BLENDING SHADER_API_DESKTOP UNITY_COLORSPACE_GAMMA ok=1
Cmd: compileSnippet
  api=5 type=1 insize=949 outsize=0 kw=SPOT pd=UNITY_ENABLE_REFLECTION_BUFFERS UNITY_PBS_USE_BRDF1 UNITY_SPECCUBE_BOX_PROJECTION UNITY_SPECCUBE_BLENDING SHADER_API_DESKTOP UNITY_COLORSPACE_GAMMA ok=1
Cmd: compileSnippet
  api=5 type=1 insize=949 outsize=0 kw=SPOT SHADOWS_DEPTH pd=UNITY_ENABLE_REFLECTION_BUFFERS UNITY_PBS_USE_BRDF1 UNITY_SPECCUBE_BOX_PROJECTION UNITY_SPECCUBE_BLENDING SHADER_API_DESKTOP UNITY_COLORSPACE_GAMMA ok=1
Cmd: compileSnippet
  api=5 type=1 insize=949 outsize=0 kw=POINT_COOKIE SHADOWS_CUBE pd=UNITY_ENABLE_REFLECTION_BUFFERS UNITY_PBS_USE_BRDF1 UNITY_SPECCUBE_BOX_PROJECTION UNITY_SPECCUBE_BLENDING SHADER_API_DESKTOP UNITY_COLORSPACE_GAMMA ok=1
Cmd: compileSnippet
  api=5 type=1 insize=949 outsize=0 kw=POINT FOG_EXP2 pd=UNITY_ENABLE_REFLECTION_BUFFERS UNITY_PBS_USE_BRDF1 UNITY_SPECCUBE_BOX_PROJECTION UNITY_SPECCUBE_BLENDING SHADER_API_DESKTOP UNITY_COLORSPACE_GAMMA ok=1
Cmd: compileSnippet
  api=5 type=1 insize=949 outsize=0 kw=POINT_COOKIE FOG_EXP2 pd=UNITY_ENABLE_REFLECTION_BUFFERS UNITY_PBS_USE_BRDF1 UNITY_SPECCUBE_BOX_PROJECTION UNITY_SPECCUBE_BLENDING SHADER_API_DESKTOP UNITY_COLORSPACE_GAMMA ok=1
Cmd: compileSnippet
  api=9 type=1 insize=949 outsize=0 kw=POINT SHADOWS_CUBE FOG_EXP2 pd=UNITY_ENABLE_REFLECTION_BUFFERS UNITY_PBS_USE_BRDF1 UNITY_SPECCUBE_BOX_PROJECTION UNITY_SPECCUBE_BLENDING SHADER_API_DESKTOP UNITY_COLORSPACE_GAMMA ok=1
Cmd: compileSnippet
  api=9 type=1 insize=949 outsize=0 kw=POINT_COOKIE SHADOWS_CUBE SHADOWS_SOFT FOG_EXP2 pd=UNITY_ENABLE_REFLECTION_BUFFERS UNITY_PBS_USE_BRDF1 UNITY_SPECCUBE_BOX_PROJECTION UNITY_SPECCUBE_BLENDING SHADER_API_DESKTOP UNITY_COLORSPACE_GAMMA ok=1
Cmd: compileSnippet
  api=5 type=0 insize=1152 outsize=5000 kw= pd=UNITY_ENABLE_REFLECTION_BUFFERS UNITY_PBS_USE_BRDF1 UNITY_SPECCUBE_BOX_PROJECTION UNITY_SPECCUBE_BLENDING SHADER_API_DESKTOP UNITY_COLORSPACE_GAMMA ok=1
Cmd: compileSnippet
  api=9 type=0 insize=1152 outsize=6574 kw=DIRLIGHTMAP_SEPARATE _EMISSION pd=UNITY_ENABLE_REFLECTION_BUFFERS UNITY_PBS_USE_BRDF1 UNITY_SPECCUBE_BOX_PROJECTION UNITY_SPECCUBE_BLENDING SHADER_API_DESKTOP UNITY_COLORSPACE_GAMMA ok=1
Cmd: compileSnippet
  api=9 type=0 insize=1152 outsize=6528 kw=DIRLIGHTMAP_COMBINED _EMISSION UNITY_HDR_ON pd=UNITY_ENABLE_REFLECTION_BUFFERS UNITY_PBS_USE_BRDF1 UNITY_SPECCUBE_BOX_PROJECTION UNITY_SPECCUBE_BLENDING SHADER_API_DESKTOP UNITY_COLORSPACE_GAMMA ok=1
Cmd: compileSnippet
  api=5 type=1 insize=1152 outsize=0 kw=DIRLIGHTMAP_COMBINED _EMISSION pd=UNITY_ENABLE_REFLECTION_BUFFERS UNITY_PBS_USE_BRDF1 UNITY_SPECCUBE_BOX_PROJECTION UNITY_SPECCUBE_BLENDING SHADER_API_DESKTOP UNITY_COLORSPACE_GAMMA ok=1
Cmd: compileSnippet
  api=5 type=1 insize=1152 outsize=0 kw=_EMISSION UNITY_HDR_ON pd=UNITY_ENABLE_REFLECTION_BUFFERS UNITY_PBS_USE_BRDF1 UNITY_SPECCUBE_BOX_PROJECTION UNITY_SPECCUBE_BLENDING SHADER_API_DESKTOP UNITY_COLORSPACE_GAMMA ok=1
Cmd: compileSnippet
  api=9 type=1 insize=1152 outsize=0 kw=DIRLIGHTMAP_SEPARATE _EMISSION UNITY_HDR_ON pd=UNITY_ENABLE_REFLECTION_BUFFERS UNITY_PBS_USE_BRDF1 UNITY_SPECCUBE_BOX_PROJECTION UNITY_SPECCUBE_BLENDING SHADER_API_DESKTOP UNITY_COLORSPACE_GAMMA ok=1
Cmd: compileSnippet
  api=5 type=0 insize=1098 outsize=6968 kw=DIRECTIONAL pd=UNITY_ENABLE_REFLECTION_BUFFERS UNITY_PBS_USE_BRDF1 UNITY_SPECCUBE_BOX_PROJECTION UNITY_SPECCUBE_BLENDING SHADER_API_DESKTOP UNITY_COLORSPACE_GAMMA ok=1
Cmd: compileSnippet
  api=5 type=0 insize=1098 outsize=7986 kw=DIRECTIONAL SHADOWS_SCREEN FOG_EXP2 pd=UNITY_ENABLE_REFLECTION_BUFFERS UNITY_PBS_USE_BRDF1 UNITY_SPECCUBE_BOX_PROJECTION UNITY_SPECCUBE_BLENDING SHADER_API_DESKTOP UNITY_COLORSPACE_GAMMA ok=1
Cmd: compileSnippet
  api=9 type=0 insize=1098 outsize=8062 kw=DIRECTIONAL _EMISSION pd=UNITY_ENABLE_REFLECTION_BUFFERS UNITY_PBS_USE_BRDF1 UNITY_SPECCUBE_BOX_PROJECTION UNITY_SPECCUBE_BLENDING SHADER_API_DESKTOP UNITY_COLORSPACE_GAMMA ok=1
Cmd: compileSnippet
  api=5 type=0 insize=1098 outsize=8156 kw=DIRECTIONAL SHADOWS_SCREEN FOG_EXP2 _EMISSION pd=UNITY_ENABLE_REFLECTION_BUFFERS UNITY_PBS_USE_BRDF1 UNITY_SPECCUBE_BOX_PROJECTION UNITY_SPECCUBE_BLENDING SHADER_API_DESKTOP UNITY_COLORSPACE_GAMMA ok=1
Cmd: compileSnippet
  api=5 type=1 insize=1098 outsize=0 kw=DIRECTIONAL pd=UNITY_ENABLE_REFLECTION_BUFFERS UNITY_PBS_USE_BRDF1 UNITY_SPECCUBE_BOX_PROJECTION UNITY_SPECCUBE_BLENDING SHADER_API_DESKTOP UNITY_COLORSPACE_GAMMA ok=1
Cmd: compileSnippet
  api=9 type=1 insize=1098 outsize=0 kw=DIRECTIONAL FOG_EXP2 _EMISSION pd=UNITY_ENABLE_REFLECTION_BUFFERS UNITY_PBS_USE_BRDF1 UNITY_SPECCUBE_BOX_PROJECTION UNITY_SPECCUBE_BLENDING SHADER_API_DESKTOP UNITY_COLORSPACE_GAMMA ok=1
Cmd: compileSnippet
  api=9 type=0 insize=962 outsize=6405 kw=SPOT pd=UNITY_ENABLE_REFLECTION_BUFFERS UNITY_PBS_USE_BRDF1 UNITY_SPECCUBE_BOX_PROJECTION UNITY_SPECCUBE_BLENDING SHADER_API_DESKTOP UNITY_COLORSPACE_GAMMA ok=1
Cmd: compileSnippet
  api=9 type=0 insize=962 outsize=6292 kw=DIRECTIONAL_COOKIE SHADOWS_SCREEN pd=UNITY_ENABLE_REFLECTION_BUFFERS UNITY_PBS_USE_BRDF1 UNITY_SPECCUBE_BOX_PROJECTION UNITY_SPECCUBE_BLENDING SHADER_API_DESKTOP UNITY_COLORSPACE_GAMMA ok=1
Cmd: compileSnippet
  api=5 type=0 insize=962 outsize=5316 kw=SPOT FOG_EXP2 pd=UNITY_ENABLE_REFLECTION_BUFFERS UNITY_PBS_USE_BRDF1 UNITY_SPECCUBE_BOX_PROJECTION UNITY_SPECCUBE_BLENDING SHADER_API_DESKTOP UNITY_COLORSPACE_GAMMA ok=1
Cmd: compileSnippet
  api=9 type=0 insize=962 outsize=7764 kw=SPOT SHADOWS_DEPTH FOG_EXP2 pd=UNITY_ENABLE_REFLECTION_BUFFERS UNITY_PBS_USE_BRDF1 UNITY_SPECCUBE_BOX_PROJECTION UNITY_SPECCUBE_BLENDING SHADER_API_DESKTOP UNITY_COLORSPACE_GAMMA ok=1
Cmd: compileSnippet
  api=9 type=1 insize=962 outsize=0 kw=POINT pd=UNITY_ENABLE_REFLECTION_BUFFERS UNITY_PBS_USE_BRDF1 UNITY_SPECCUBE_BOX_PROJECTION UNITY_SPECCUBE_BLENDING SHADER_API_DESKTOP UNITY_COLORSPACE_GAMMA ok=1
Cmd: compileSnippet
  api=5 type=1 insize=962 outsize=0 kw=DIRECTIONAL SHADOWS_SCREEN pd=UNITY_ENABLE_REFLECTION_BUFFERS UNITY_PBS_USE_BRDF1 UNITY_SPECCUBE_BOX_PROJECTION UNITY_SPECCUBE_BLENDING SHADER_API_DESKTOP UNITY_COLORSPACE_GAMMA ok=1
Cmd: compileSnippet
  api=5 type=1 insize=962 outsize=0 kw=DIRECTIONAL FOG_EXP2 pd=UNITY_ENABLE_REFLECTION_BUFFERS UNITY_PBS_USE_BRDF1 UNITY_SPECCUBE_BOX_PROJECTION UNITY_SPECCUBE_BLENDING SHADER_API_DESKTOP UNITY_COLORSPACE_GAMMA ok=1
Cmd: compileSnippet
  api=5 type=1 insize=962 outsize=0 kw=SPOT SHADOWS_DEPTH FOG_EXP2 pd=UNITY_ENABLE_REFLECTION_BUFFERS UNITY_PBS_USE_BRDF1 UNITY_SPECCUBE_BOX_PROJECTION UNITY_SPECCUBE_BLENDING SHADER_API_DESKTOP UNITY_COLORSPACE_GAMMA ok=1
Cmd: compileSnippet
  api=5 type=1 insize=962 outsize=0 kw=POINT SHADOWS_CUBE FOG_EXP2 pd=UNITY_ENABLE_REFLECTION_BUFFERS UNITY_PBS_USE_BRDF1 UNITY_SPECCUBE_BOX_PROJECTION UNITY_SPECCUBE_BLENDING SHADER_API_DESKTOP UNITY_COLORSPACE_GAMMA ok=1
Cmd: compileSnippet
  api=9 type=1 insize=681 outsize=0 kw=SHADOWS_DEPTH pd=UNITY_ENABLE_REFLECTION_BUFFERS UNITY_PBS_USE_BRDF1 UNITY_SPECCUBE_BOX_PROJECTION UNITY_SPECCUBE_BLENDING SHADER_API_DESKTOP UNITY_COLORSPACE_GAMMA ok=1
Cmd: compileSnippet
  api=5 type=1 insize=632 outsize=0 kw= pd=UNITY_ENABLE_REFLECTION_BUFFERS UNITY_PBS_USE_BRDF1 UNITY_SPECCUBE_BOX_PROJECTION UNITY_SPECCUBE_BLENDING SHADER_API_DESKTOP UNITY_COLORSPACE_GAMMA ok=1
Cmd: compileSnippet
  api=9 type=0 insize=4816 outsize=6584 kw=SPOT pd=UNITY_NO_DXT5nm UNITY_ENABLE_REFLECTION_BUFFERS UNITY_PBS_USE_BRDF1 UNITY_SPECCUBE_BOX_PROJECTION UNITY_SPECCUBE_BLENDING SHADER_API_DESKTOP UNITY_COLORSPACE_GAMMA ok=1
Cmd: compileSnippet
  api=9 type=1 insize=4816 outsize=0 kw= pd=UNITY_NO_DXT5nm UNITY_ENABLE_REFLECTION_BUFFERS UNITY_PBS_USE_BRDF1 UNITY_SPECCUBE_BOX_PROJECTION UNITY_SPECCUBE_BLENDING SHADER_API_DESKTOP UNITY_COLORSPACE_GAMMA ok=1
Cmd: compileSnippet
  api=5 type=1 insize=2193 outsize=0 kw= pd=UNITY_NO_DXT5nm UNITY_ENABLE_REFLECTION_BUFFERS UNITY_PBS_USE_BRDF1 UNITY_SPECCUBE_BOX_PROJECTION UNITY_SPECCUBE_BLENDING SHADER_API_DESKTOP UNITY_COLORSPACE_GAMMA ok=1
Cmd: compileSnippet
  api=9 type=1 insize=597 outsize=0 kw=SHADOWS_DEPTH pd=UNITY_NO_DXT5nm UNITY_ENABLE_REFLECTION_BUFFERS UNITY_PBS_USE_BRDF1 UNITY_SPECCUBE_BOX_PROJECTION UNITY_SPECCUBE_BLENDING SHADER_API_DESKTOP UNITY_COLORSPACE_GAMMA ok=1
Cmd: compileSnippet
  api=9 type=0 insize=6957 outsize=5216 kw=DIRECTIONAL VERTEXLIGHT_ON pd=UNITY_NO_DXT5nm UNITY_ENABLE_REFLECTION_BUFFERS UNITY_PBS_USE_BRDF1 UNITY_SPECCUBE_BOX_PROJECTION UNITY_SPECCUBE_BLENDING SHADER_API_DESKTOP UNITY_COLORSPACE_GAMMA ok=1
Cmd: compileSnippet
  api=5 type=1 insize=6957 outsize=0 kw=DIRECTIONAL pd=UNITY_NO_DXT5nm UNITY_ENABLE_REFLECTION_BUFFERS UNITY_PBS_USE_BRDF1 UNITY_SPECCUBE_BOX_PROJECTION UNITY_SPECCUBE_BLENDING SHADER_API_DESKTOP UNITY_COLORSPACE_GAMMA ok=1
Cmd: compileSnippet
  api=9 type=0 insize=3671 outsize=3660 kw=SPOT pd=UNITY_NO_DXT5nm UNITY_ENABLE_REFLECTION_BUFFERS UNITY_PBS_USE_BRDF1 UNITY_SPECCUBE_BOX_PROJECTION UNITY_SPECCUBE_BLENDING SHADER_API_DESKTOP UNITY_COLORSPACE_GAMMA ok=1
Cmd: compileSnippet
  api=9 type=0 insize=3671 outsize=4101 kw=SPOT FOG_EXP2 pd=UNITY_NO_DXT5nm UNITY_ENABLE_REFLECTION_BUFFERS UNITY_PBS_USE_BRDF1 UNITY_SPECCUBE_BOX_PROJECTION UNITY_SPECCUBE_BLENDING SHADER_API_DESKTOP UNITY_COLORSPACE_GAMMA ok=1
Cmd: compileSnippet
  api=5 type=1 insize=3671 outsize=0 kw=SPOT pd=UNITY_NO_DXT5nm UNITY_ENABLE_REFLECTION_BUFFERS UNITY_PBS_USE_BRDF1 UNITY_SPECCUBE_BOX_PROJECTION UNITY_SPECCUBE_BLENDING SHADER_API_DESKTOP UNITY_COLORSPACE_GAMMA ok=1
Cmd: compileSnippet
  api=9 type=1 insize=3671 outsize=0 kw=SPOT FOG_EXP2 pd=UNITY_NO_DXT5nm UNITY_ENABLE_REFLECTION_BUFFERS UNITY_PBS_USE_BRDF1 UNITY_SPECCUBE_BOX_PROJECTION UNITY_SPECCUBE_BLENDING SHADER_API_DESKTOP UNITY_COLORSPACE_GAMMA ok=1
Cmd: compileSnippet
  api=9 type=1 insize=3105 outsize=0 kw= pd=UNITY_NO_DXT5nm UNITY_ENABLE_REFLECTION_BUFFERS UNITY_PBS_USE_BRDF1 UNITY_SPECCUBE_BOX_PROJECTION UNITY_SPECCUBE_BLENDING SHADER_API_DESKTOP UNITY_COLORSPACE_GAMMA ok=1
Cmd: compileSnippet
  api=9 type=0 insize=6115 outsize=4634 kw=FOG_EXP2 pd=UNITY_NO_DXT5nm UNITY_ENABLE_REFLECTION_BUFFERS UNITY_PBS_USE_BRDF1 UNITY_SPECCUBE_BOX_PROJECTION UNITY_SPECCUBE_BLENDING SHADER_API_DESKTOP UNITY_COLORSPACE_GAMMA ok=1
Cmd: compileSnippet
  api=5 type=1 insize=6115 outsize=0 kw=FOG_EXP2 UNITY_HDR_ON pd=UNITY_NO_DXT5nm UNITY_ENABLE_REFLECTION_BUFFERS UNITY_PBS_USE_BRDF1 UNITY_SPECCUBE_BOX_PROJECTION UNITY_SPECCUBE_BLENDING SHADER_API_DESKTOP UNITY_COLORSPACE_GAMMA ok=1
Cmd: compileSnippet
  api=5 type=0 insize=5806 outsize=3516 kw= pd=UNITY_NO_DXT5nm UNITY_ENABLE_REFLECTION_BUFFERS UNITY_PBS_USE_BRDF1 UNITY_SPECCUBE_BOX_PROJECTION UNITY_SPECCUBE_BLENDING SHADER_API_DESKTOP UNITY_COLORSPACE_GAMMA ok=1
Cmd: compileSnippet
  api=5 type=1 insize=3132 outsize=0 kw= pd=UNITY_NO_DXT5nm UNITY_ENABLE_REFLECTION_BUFFERS UNITY_PBS_USE_BRDF1 UNITY_SPECCUBE_BOX_PROJECTION UNITY_SPECCUBE_BLENDING SHADER_API_DESKTOP UNITY_COLORSPACE_GAMMA ok=1
Cmd: compileSnippet
  api=9 type=1 insize=768 outsize=0 kw= pd=UNITY_NO_DXT5nm UNITY_ENABLE_REFLECTION_BUFFERS UNITY_PBS_USE_BRDF1 UNITY_SPECCUBE_BOX_PROJECTION UNITY_SPECCUBE_BLENDING SHADER_API_DESKTOP UNITY_COLORSPACE_GAMMA ok=1
Cmd: compileSnippet
  api=5 type=0 insize=908 outsize=3259 kw= pd=UNITY_NO_DXT5nm UNITY_ENABLE_REFLECTION_BUFFERS UNITY_PBS_USE_BRDF1 UNITY_SPECCUBE_BOX_PROJECTION UNITY_SPECCUBE_BLENDING SHADER_API_DESKTOP UNITY_COLORSPACE_GAMMA ok=1
Cmd: compileSnippet
  api=5 type=1 insize=961 outsize=0 kw= pd=UNITY_NO_DXT5nm UNITY_ENABLE_REFLECTION_BUFFERS UNITY_PBS_USE_BRDF1 UNITY_SPECCUBE_BOX_PROJECTION UNITY_SPECCUBE_BLENDING SHADER_API_DESKTOP UNITY_COLORSPACE_GAMMA ok=1
Cmd: compileSnippet
  api=5 type=0 insize=1027 outsize=2538 kw= pd=UNITY_NO_DXT5nm UNITY_ENABLE_REFLECTION_BUFFERS UNITY_PBS_USE_BRDF1 UNITY_SPECCUBE_BOX_PROJECTION UNITY_SPECCUBE_BLENDING SHADER_API_DESKTOP UNITY_COLORSPACE_GAMMA ok=1
Cmd: compileSnippet
  api=9 type=0 insize=1053 outsize=4935 kw= pd=UNITY_NO_DXT5nm UNITY_ENABLE_REFLECTION_BUFFERS UNITY_PBS_USE_BRDF1 UNITY_SPECCUBE_BOX_PROJECTION UNITY_SPECCUBE_BLENDING SHADER_API_DESKTOP UNITY_COLORSPACE_GAMMA ok=1
Cmd: compileSnippet
  api=9 type=0 insize=1383 outsize=6214 kw=SPOT pd=UNITY_NO_DXT5nm UNITY_ENABLE_REFLECTION_BUFFERS UNITY_PBS_USE_BRDF1 UNITY_SPECCUBE_BOX_PROJECTION UNITY_SPECCUBE_BLENDING SHADER_API_DESKTOP UNITY_COLORSPACE_GAMMA ok=1
Cmd: compileSnippet
  api=9 type=0 insize=1383 outsize=5487 kw=DIRECTIONAL SHADOWS_SCREEN pd=UNITY_NO_DXT5nm UNITY_ENABLE_REFLECTION_BUFFERS UNITY_PBS_USE_BRDF1 UNITY_SPECCUBE_BOX_PROJECTION UNITY_SPECCUBE_BLENDING SHADER_API_DESKTOP UNITY_COLORSPACE_GAMMA ok=1
Cmd: compileSnippet
  api=9 type=0 insize=1383 outsize=7060 kw=POINT SHADOWS_CUBE SHADOWS_SOFT pd=UNITY_NO_DXT5nm UNITY_ENABLE_REFLECTION_BUFFERS UNITY_PBS_USE_BRDF1 UNITY_SPECCUBE_BOX_PROJECTION UNITY_SPECCUBE_BLENDING SHADER_API_DESKTOP UNITY_COLORSPACE_GAMMA ok=1
Cmd: compileSnippet
  api=5 type=1 insize=1383 outsize=0 kw=SPOT pd=UNITY_NO_DXT5nm UNITY_ENABLE_REFLECTION_BUFFERS UNITY_PBS_USE_BRDF1 UNITY_SPECCUBE_BOX_PROJECTION UNITY_SPECCUBE_BLENDING SHADER_API_DESKTOP UNITY_COLORSPACE_GAMMA ok=1
Cmd: compileSnippet
  api=5 type=1 insize=1383 outsize=0 kw=SPOT SHADOWS_DEPTH pd=UNITY_NO_DXT5nm UNITY_ENABLE_REFLECTION_BUFFERS UNITY_PBS_USE_BRDF1 UNITY_SPECCUBE_BOX_PROJECTION UNITY_SPECCUBE_BLENDING SHADER_API_DESKTOP UNITY_COLORSPACE_GAMMA ok=1
Cmd: compileSnippet
  api=5 type=1 insize=1383 outsize=0 kw=POINT_COOKIE SHADOWS_CUBE pd=UNITY_NO_DXT5nm UNITY_ENABLE_REFLECTION_BUFFERS UNITY_PBS_USE_BRDF1 UNITY_SPECCUBE_BOX_PROJECTION UNITY_SPECCUBE_BLENDING SHADER_API_DESKTOP UNITY_COLORSPACE_GAMMA ok=1
Cmd: compileSnippet
  api=5 type=0 insize=1376 outsize=3765 kw=POINT pd=UNITY_NO_DXT5nm UNITY_ENABLE_REFLECTION_BUFFERS UNITY_PBS_USE_BRDF1 UNITY_SPECCUBE_BOX_PROJECTION UNITY_SPECCUBE_BLENDING SHADER_API_DESKTOP UNITY_COLORSPACE_GAMMA ok=1
Cmd: compileSnippet
  api=5 type=0 insize=1376 outsize=5182 kw=SPOT SHADOWS_DEPTH pd=UNITY_NO_DXT5nm UNITY_ENABLE_REFLECTION_BUFFERS UNITY_PBS_USE_BRDF1 UNITY_SPECCUBE_BOX_PROJECTION UNITY_SPECCUBE_BLENDING SHADER_API_DESKTOP UNITY_COLORSPACE_GAMMA ok=1
Cmd: compileSnippet
  api=9 type=0 insize=1376 outsize=6102 kw=POINT SHADOWS_CUBE pd=UNITY_NO_DXT5nm UNITY_ENABLE_REFLECTION_BUFFERS UNITY_PBS_USE_BRDF1 UNITY_SPECCUBE_BOX_PROJECTION UNITY_SPECCUBE_BLENDING SHADER_API_DESKTOP UNITY_COLORSPACE_GAMMA ok=1
Cmd: compileSnippet
  api=9 type=1 insize=1376 outsize=0 kw=DIRECTIONAL pd=UNITY_NO_DXT5nm UNITY_ENABLE_REFLECTION_BUFFERS UNITY_PBS_USE_BRDF1 UNITY_SPECCUBE_BOX_PROJECTION UNITY_SPECCUBE_BLENDING SHADER_API_DESKTOP UNITY_COLORSPACE_GAMMA ok=1
Cmd: compileSnippet
  api=9 type=1 insize=1376 outsize=0 kw=SPOT SHADOWS_DEPTH pd=UNITY_NO_DXT5nm UNITY_ENABLE_REFLECTION_BUFFERS UNITY_PBS_USE_BRDF1 UNITY_SPECCUBE_BOX_PROJECTION UNITY_SPECCUBE_BLENDING SHADER_API_DESKTOP UNITY_COLORSPACE_GAMMA ok=1
Cmd: compileSnippet
  api=9 type=1 insize=1376 outsize=0 kw=POINT_COOKIE SHADOWS_CUBE pd=UNITY_NO_DXT5nm UNITY_ENABLE_REFLECTION_BUFFERS UNITY_PBS_USE_BRDF1 UNITY_SPECCUBE_BOX_PROJECTION UNITY_SPECCUBE_BLENDING SHADER_API_DESKTOP UNITY_COLORSPACE_GAMMA ok=1
Cmd: compileSnippet
  api=9 type=1 insize=1376 outsize=0 kw=POINT_COOKIE SHADOWS_CUBE SHADOWS_SOFT pd=UNITY_NO_DXT5nm UNITY_ENABLE_REFLECTION_BUFFERS UNITY_PBS_USE_BRDF1 UNITY_SPECCUBE_BOX_PROJECTION UNITY_SPECCUBE_BLENDING SHADER_API_DESKTOP UNITY_COLORSPACE_GAMMA ok=1
Cmd: compileSnippet
  api=9 type=0 insize=18516 outsize=6591 kw=SHADOWS_SPLIT_SPHERES pd=UNITY_NO_DXT5nm UNITY_ENABLE_REFLECTION_BUFFERS UNITY_PBS_USE_BRDF1 UNITY_SPECCUBE_BOX_PROJECTION UNITY_SPECCUBE_BLENDING SHADER_API_DESKTOP UNITY_COLORSPACE_GAMMA ok=1
Cmd: compileSnippet
  api=9 type=1 insize=18516 outsize=0 kw=SHADOWS_SINGLE_CASCADE pd=UNITY_NO_DXT5nm UNITY_ENABLE_REFLECTION_BUFFERS UNITY_PBS_USE_BRDF1 UNITY_SPECCUBE_BOX_PROJECTION UNITY_SPECCUBE_BLENDING SHADER_API_DESKTOP UNITY_COLORSPACE_GAMMA ok=1
Cmd: compileSnippet
  api=9 type=0 insize=18520 outsize=3896 kw=SHADOWS_SINGLE_CASCADE pd=UNITY_NO_DXT5nm UNITY_ENABLE_REFLECTION_BUFFERS UNITY_PBS_USE_BRDF1 UNITY_SPECCUBE_BOX_PROJECTION UNITY_SPECCUBE_BLENDING SHADER_API_DESKTOP UNITY_COLORSPACE_GAMMA ok=1
Cmd: compileSnippet
  api=5 type=1 insize=18520 outsize=0 kw=SHADOWS_SPLIT_SPHERES SHADOWS_SINGLE_CASCADE pd=UNITY_NO_DXT5nm UNITY_ENABLE_REFLECTION_BUFFERS UNITY_PBS_USE_BRDF1 UNITY_SPECCUBE_BOX_PROJECTION UNITY_SPECCUBE_BLENDING SHADER_API_DESKTOP UNITY_COLORSPACE_GAMMA ok=1
Cmd: compileSnippet
  api=5 type=0 insize=18539 outsize=7025 kw=SHADOWS_SPLIT_SPHERES SHADOWS_SINGLE_CASCADE pd=UNITY_NO_DXT5nm UNITY_ENABLE_REFLECTION_BUFFERS UNITY_PBS_USE_BRDF1 UNITY_SPECCUBE_BOX_PROJECTION UNITY_SPECCUBE_BLENDING SHADER_API_DESKTOP UNITY_COLORSPACE_GAMMA ok=1
Cmd: compileSnippet
  api=5 type=1 insize=18539 outsize=0 kw=SHADOWS_SPLIT_SPHERES pd=UNITY_NO_DXT5nm UNITY_ENABLE_REFLECTION_BUFFERS UNITY_PBS_USE_BRDF1 UNITY_SPECCUBE_BOX_PROJECTION UNITY_SPECCUBE_BLENDING SHADER_API_DESKTOP UNITY_COLORSPACE_GAMMA ok=1
Cmd: compileSnippet
  api=9 type=0 insize=18543 outsize=9921 kw=SHADOWS_SPLIT_SPHERES pd=UNITY_NO_DXT5nm UNITY_ENABLE_REFLECTION_BUFFERS UNITY_PBS_USE_BRDF1 UNITY_SPECCUBE_BOX_PROJECTION UNITY_SPECCUBE_BLENDING SHADER_API_DESKTOP UNITY_COLORSPACE_GAMMA ok=1
Cmd: compileSnippet
  api=9 type=1 insize=18543 outsize=0 kw=SHADOWS_SPLIT_SPHERES SHADOWS_SINGLE_CASCADE pd=UNITY_NO_DXT5nm UNITY_ENABLE_REFLECTION_BUFFERS UNITY_PBS_USE_BRDF1 UNITY_SPECCUBE_BOX_PROJECTION UNITY_SPECCUBE_BLENDING SHADER_API_DESKTOP UNITY_COLORSPACE_GAMMA ok=1
Cmd: compileSnippet
  api=5 type=0 insize=870 outsize=634 kw= pd=UNITY_NO_DXT5nm UNITY_ENABLE_REFLECTION_BUFFERS UNITY_PBS_USE_BRDF1 UNITY_SPECCUBE_BOX_PROJECTION UNITY_SPECCUBE_BLENDING SHADER_API_DESKTOP UNITY_COLORSPACE_GAMMA ok=1
Cmd: compileSnippet
  api=5 type=0 insize=1897 outsize=5100 kw=DIRECTIONAL pd=UNITY_NO_DXT5nm UNITY_ENABLE_REFLECTION_BUFFERS UNITY_PBS_USE_BRDF1 UNITY_SPECCUBE_BOX_PROJECTION UNITY_SPECCUBE_BLENDING SHADER_API_DESKTOP UNITY_COLORSPACE_GAMMA ok=1
Cmd: compileSnippet
  api=5 type=0 insize=1897 outsize=7074 kw=SPOT SHADOWS_DEPTH pd=UNITY_NO_DXT5nm UNITY_ENABLE_REFLECTION_BUFFERS UNITY_PBS_USE_BRDF1 UNITY_SPECCUBE_BOX_PROJECTION UNITY_SPECCUBE_BLENDING SHADER_API_DESKTOP UNITY_COLORSPACE_GAMMA ok=1
Cmd: compileSnippet
  api=9 type=0 insize=1897 outsize=8332 kw=POINT SHADOWS_CUBE pd=UNITY_NO_DXT5nm UNITY_ENABLE_REFLECTION_BUFFERS UNITY_PBS_USE_BRDF1 UNITY_SPECCUBE_BOX_PROJECTION UNITY_SPECCUBE_BLENDING SHADER_API_DESKTOP UNITY_COLORSPACE_GAMMA ok=1
Cmd: compileSnippet
  api=9 type=0 insize=1897 outsize=7102 kw=DIRECTIONAL UNITY_HDR_ON pd=UNITY_NO_DXT5nm UNITY_ENABLE_REFLECTION_BUFFERS UNITY_PBS_USE_BRDF1 UNITY_SPECCUBE_BOX_PROJECTION UNITY_SPECCUBE_BLENDING SHADER_API_DESKTOP UNITY_COLORSPACE_GAMMA ok=1
Cmd: compileSnippet
  api=9 type=0 insize=1897 outsize=8076 kw=DIRECTIONAL SHADOWS_SCREEN UNITY_HDR_ON pd=UNITY_NO_DXT5nm UNITY_ENABLE_REFLECTION_BUFFERS UNITY_PBS_USE_BRDF1 UNITY_SPECCUBE_BOX_PROJECTION UNITY_SPECCUBE_BLENDING SHADER_API_DESKTOP UNITY_COLORSPACE_GAMMA ok=1
Cmd: compileSnippet
  api=9 type=0 insize=1897 outsize=9736 kw=POINT_COOKIE SHADOWS_CUBE SHADOWS_SOFT UNITY_HDR_ON pd=UNITY_NO_DXT5nm UNITY_ENABLE_REFLECTION_BUFFERS UNITY_PBS_USE_BRDF1 UNITY_SPECCUBE_BOX_PROJECTION UNITY_SPECCUBE_BLENDING SHADER_API_DESKTOP UNITY_COLORSPACE_GAMMA ok=1
Cmd: compileSnippet
  api=5 type=1 insize=1897 outsize=0 kw=POINT_COOKIE pd=UNITY_NO_DXT5nm UNITY_ENABLE_REFLECTION_BUFFERS UNITY_PBS_USE_BRDF1 UNITY_SPECCUBE_BOX_PROJECTION UNITY_SPECCUBE_BLENDING SHADER_API_DESKTOP UNITY_COLORSPACE_GAMMA ok=1
Cmd: compileSnippet
  api=9 type=1 insize=1897 outsize=0 kw=DIRECTIONAL SHADOWS_SCREEN pd=UNITY_NO_DXT5nm UNITY_ENABLE_REFLECTION_BUFFERS UNITY_PBS_USE_BRDF1 UNITY_SPECCUBE_BOX_PROJECTION UNITY_SPECCUBE_BLENDING SHADER_API_DESKTOP UNITY_COLORSPACE_GAMMA ok=1
Cmd: compileSnippet
  api=5 type=1 insize=1897 outsize=0 kw=SPOT SHADOWS_DEPTH SHADOWS_SOFT pd=UNITY_NO_DXT5nm UNITY_ENABLE_REFLECTION_BUFFERS UNITY_PBS_USE_BRDF1 UNITY_SPECCUBE_BOX_PROJECTION UNITY_SPECCUBE_BLENDING SHADER_API_DESKTOP UNITY_COLORSPACE_GAMMA ok=1
Cmd: compileSnippet
  api=5 type=1 insize=1897 outsize=0 kw=DIRECTIONAL UNITY_HDR_ON pd=UNITY_NO_DXT5nm UNITY_ENABLE_REFLECTION_BUFFERS UNITY_PBS_USE_BRDF1 UNITY_SPECCUBE_BOX_PROJECTION UNITY_SPECCUBE_BLENDING SHADER_API_DESKTOP UNITY_COLORSPACE_GAMMA ok=1
Cmd: compileSnippet
  api=9 type=1 insize=1897 outsize=0 kw=SPOT SHADOWS_DEPTH UNITY_HDR_ON pd=UNITY_NO_DXT5nm UNITY_ENABLE_REFLECTION_BUFFERS UNITY_PBS_USE_BRDF1 UNITY_SPECCUBE_BOX_PROJECTION UNITY_SPECCUBE_BLENDING SHADER_API_DESKTOP UNITY_COLORSPACE_GAMMA ok=1
Cmd: compileSnippet
  api=9 type=1 insize=1897 outsize=0 kw=POINT_COOKIE SHADOWS_CUBE UNITY_HDR_ON pd=UNITY_NO_DXT5nm UNITY_ENABLE_REFLECTION_BUFFERS UNITY_PBS_USE_BRDF1 UNITY_SPECCUBE_BOX_PROJECTION UNITY_SPECCUBE_BLENDING SHADER_API_DESKTOP UNITY_COLORSPACE_GAMMA ok=1
Cmd: compileSnippet
  api=5 type=1 insize=847 outsize=0 kw= pd=UNITY_NO_DXT5nm UNITY_ENABLE_REFLECTION_BUFFERS UNITY_PBS_USE_BRDF1 UNITY_SPECCUBE_BOX_PROJECTION UNITY_SPECCUBE_BLENDING SHADER_API_DESKTOP UNITY_COLORSPACE_GAMMA ok=1
Cmd: compileSnippet
  api=5 type=0 insize=895 outsize=981 kw= pd=UNITY_NO_DXT5nm UNITY_ENABLE_REFLECTION_BUFFERS UNITY_PBS_USE_BRDF1 UNITY_SPECCUBE_BOX_PROJECTION UNITY_SPECCUBE_BLENDING SHADER_API_DESKTOP UNITY_COLORSPACE_GAMMA ok=1
Cmd: compileSnippet
  api=5 type=0 insize=4162 outsize=1729 kw= pd=UNITY_NO_DXT5nm UNITY_ENABLE_REFLECTION_BUFFERS UNITY_PBS_USE_BRDF1 UNITY_SPECCUBE_BOX_PROJECTION UNITY_SPECCUBE_BLENDING SHADER_API_DESKTOP UNITY_COLORSPACE_GAMMA ok=1
Cmd: compileSnippet
  api=9 type=1 insize=4183 outsize=0 kw= pd=UNITY_NO_DXT5nm UNITY_ENABLE_REFLECTION_BUFFERS UNITY_PBS_USE_BRDF1 UNITY_SPECCUBE_BOX_PROJECTION UNITY_SPECCUBE_BLENDING SHADER_API_DESKTOP UNITY_COLORSPACE_GAMMA ok=1
Cmd: compileSnippet
  api=9 type=1 insize=1117 outsize=0 kw= pd=UNITY_NO_DXT5nm UNITY_ENABLE_REFLECTION_BUFFERS UNITY_PBS_USE_BRDF1 UNITY_SPECCUBE_BOX_PROJECTION UNITY_SPECCUBE_BLENDING SHADER_API_DESKTOP UNITY_COLORSPACE_GAMMA ok=1
Cmd: compileSnippet
  api=9 type=1 insize=1347 outsize=0 kw=FOG_EXP2 pd=UNITY_NO_DXT5nm UNITY_ENABLE_REFLECTION_BUFFERS UNITY_PBS_USE_BRDF1 UNITY_SPECCUBE_BOX_PROJECTION UNITY_SPECCUBE_BLENDING SHADER_API_DESKTOP UNITY_COLORSPACE_GAMMA ok=1
Cmd: compileSnippet
  api=5 type=1 insize=1442 outsize=0 kw= pd=UNITY_NO_DXT5nm UNITY_ENABLE_REFLECTION_BUFFERS UNITY_PBS_USE_BRDF1 UNITY_SPECCUBE_BOX_PROJECTION UNITY_SPECCUBE_BLENDING SHADER_API_DESKTOP UNITY_COLORSPACE_GAMMA ok=1
Cmd: compileSnippet
  api=9 type=0 insize=1464 outsize=2028 kw= pd=UNITY_NO_DXT5nm UNITY_ENABLE_REFLECTION_BUFFERS UNITY_PBS_USE_BRDF1 UNITY_SPECCUBE_BOX_PROJECTION UNITY_SPECCUBE_BLENDING SHADER_API_DESKTOP UNITY_COLORSPACE_GAMMA ok=1
Cmd: compileSnippet
  api=9 type=1 insize=1640 outsize=0 kw= pd=UNITY_NO_DXT5nm UNITY_ENABLE_REFLECTION_BUFFERS UNITY_PBS_USE_BRDF1 UNITY_SPECCUBE_BOX_PROJECTION UNITY_SPECCUBE_BLENDING SHADER_API_DESKTOP UNITY_COLORSPACE_GAMMA ok=1
Cmd: compileSnippet
  api=9 type=1 insize=1517 outsize=0 kw=UNITY_UI_ALPHACLIP pd=UNITY_NO_DXT5nm UNITY_ENABLE_REFLECTION_BUFFERS UNITY_PBS_USE_BRDF1 UNITY_SPECCUBE_BOX_PROJECTION UNITY_SPECCUBE_BLENDING SHADER_API_DESKTOP UNITY_COLORSPACE_GAMMA ok=1
Cmd: compileSnippet
  api=9 type=0 insize=737 outsize=832 kw= pd=UNITY_NO_DXT5nm UNITY_ENABLE_REFLECTION_BUFFERS UNITY_PBS_USE_BRDF1 UNITY_SPECCUBE_BOX_PROJECTION UNITY_SPECCUBE_BLENDING SHADER_API_DESKTOP UNITY_COLORSPACE_GAMMA ok=1
Cmd: compileSnippet
  api=9 type=1 insize=737 outsize=0 kw= pd=UNITY_NO_DXT5nm UNITY_ENABLE_REFLECTION_BUFFERS UNITY_PBS_USE_BRDF1 UNITY_SPECCUBE_BOX_PROJECTION UNITY_SPECCUBE_BLENDING SHADER_API_DESKTOP UNITY_COLORSPACE_GAMMA ok=1
